.atoms
  .Ba
    .Ba B = Parameter(0, name='Ba B')
    .Ba occ = Parameter(1, name='Ba occ')
    .Ba x = Parameter(0.5, name='Ba x')
    .Ba y = Parameter(0.5, name='Ba y')
    .Ba z = Parameter(0, name='Ba z')
  .Ho
    .Ho B = Parameter(0, name='Ho B')
    .Ho C0 = Parameter(0.109201, name='Ho C0', bounds=(-20,20))
    .Ho C1 = Parameter(9.06661, name='Ho C1', bounds=(-20,20))
    .Ho occ = Parameter(1, name='Ho occ')
    .Ho x = Parameter(0.5, name='Ho x')
    .Ho y = Parameter(0, name='Ho y')
    .Ho z = Parameter(0.20264, name='Ho z')
  .Ni
    .Ni B = Parameter(0, name='Ni B')
    .Ni C0 = Parameter(0.946902, name='Ni C0', bounds=(-20,20))
    .Ni C1 = Parameter(-1.33501, name='Ni C1', bounds=(-20,20))
    .Ni occ = Parameter(1, name='Ni occ')
    .Ni x = Parameter(0, name='Ni x')
    .Ni y = Parameter(0, name='Ni y')
    .Ni z = Parameter(0, name='Ni z')
  .O1
    .O1 B = Parameter(0, name='O1 B')
    .O1 occ = Parameter(1, name='O1 occ')
    .O1 x = Parameter(0, name='O1 x')
    .O1 y = Parameter(0.24367, name='O1 y')
    .O1 z = Parameter(0.14959, name='O1 z')
  .O2
    .O2 B = Parameter(0, name='O2 B')
    .O2 occ = Parameter(1, name='O2 occ')
    .O2 x = Parameter(0.5, name='O2 x')
    .O2 y = Parameter(0, name='O2 y')
    .O2 z = Parameter(0, name='O2 z')
.base = Parameter(7191.89, name='base', bounds=(5900,7200))
.cell
  .a = Parameter(3.75426, name='a', bounds=(3.2,4.3))
  .b = Parameter(5.73, name='b', bounds=(5.2,6.3))
  .c = Parameter(11.2696, name='c', bounds=(10.7,11.8))
.eta = Parameter(0.0093799, name='eta', bounds=(-0.07,0.14))
.scale = Parameter(55.2012, name='scale', bounds=(11,60))
.u = Parameter(1.5832, name='u', bounds=(0,10))
.v = Parameter(-1.02023, name='v', bounds=(-10,0))
.w = Parameter(0.345296, name='w', bounds=(0,10))
.zero = Parameter(0.0846936, name='zero', bounds=(-0.02,0.19))

[chisq=50.722(41), nllf=19578.5]
                                   Ho C0 .....|....   0.109201 in (-20,20)
                                   Ho C1 .......|..    9.06661 in (-20,20)
                                   Ni C0 .....|....   0.946902 in (-20,20)
                                   Ni C1 ....|.....   -1.33501 in (-20,20)
                                    base .........|    7191.89 in (5900,7200)
                                       a .....|....    3.75426 in (3.2,4.3)
                                       b ....|.....       5.73 in (5.2,6.3)
                                       c .....|....    11.2696 in (10.7,11.8)
                                     eta ...|......  0.0093799 in (-0.07,0.14)
                                   scale .........|    55.2012 in (11,60)
                                       u .|........     1.5832 in (0,10)
                                       v ........|.   -1.02023 in (-10,0)
                                       w |.........   0.345296 in (0,10)
                                    zero ....|.....  0.0846936 in (-0.02,0.19)
              Parameter       mean  median    best [   68% interval] [   95% interval]
 1                Ho C0 0.1081(72)  0.1082  0.1092 [  0.101   0.115] [  0.094   0.122]
 2                Ho C1 9.0640(59)  9.0640  9.0666 [  9.058   9.070] [  9.053   9.075]
 3                Ni C0  0.953(14)  0.9535  0.9469 [  0.940   0.967] [  0.926   0.981]
 4                Ni C1 -1.3342(59) -1.3342 -1.3350 [ -1.340  -1.329] [ -1.345  -1.323]
 5                 base 7190.7(45) 7190.91 7191.89 [ 7186.4  7195.2] [ 7181.5  7198.6]
 6                    a 3.754273(35) 3.754273 3.754258 [3.75424 3.75431] [3.75421 3.75434]
 7                    b 5.729983(50) 5.729983 5.730002 [5.72994 5.73003] [5.72989 5.73008]
 8                    c 11.26969(14) 11.269686 11.269599 [11.26956 11.26982] [11.26943 11.26995]
 9                  eta 9.8(20)e-3 0.00975 0.00938 [ 0.0078  0.0117] [ 0.0060  0.0136]
10                scale 55.232(66)  55.232  55.201 [  55.17   55.29] [  55.11   55.36]
11                    u 1.5901(71)  1.5900  1.5832 [  1.583   1.597] [  1.576   1.604]
12                    v -1.0263(67) -1.0262 -1.0202 [ -1.033  -1.020] [ -1.040  -1.014]
13                    w 0.3465(14) 0.34644 0.34530 [ 0.3451  0.3477] [ 0.3439  0.3492]
14                 zero 0.08474(29) 0.08475 0.08469 [ 0.0845  0.0850] [ 0.0842  0.0853]
