.atoms
  .La
    .La B = Parameter(0.761585, name='La B', bounds=(0,10))
    .La occ = Parameter(1, name='La occ')
    .La x = Parameter(0.000678158, name='La x', bounds=(0,1))
    .La y = Parameter(0.0500593, name='La y', bounds=(0,1))
    .La z = Parameter(0.25, name='La z')
  .Mn
    .Mn B = Parameter(8.02401, name='Mn B', bounds=(0,10))
    .Mn occ = Parameter(1, name='Mn occ')
    .Mn x = Parameter(0.5, name='Mn x')
    .Mn y = Parameter(0, name='Mn y')
    .Mn z = Parameter(0, name='Mn z')
  .O1
    .O1 B = Parameter(1.9, name='O1 B', bounds=(0,10))
    .O1 occ = Parameter(1, name='O1 occ')
    .O1 x = Parameter(0.44111, name='O1 x', bounds=(0,1))
    .O1 y = Parameter(0.980413, name='O1 y', bounds=(0,1))
    .O1 z = Parameter(0.25, name='O1 z')
  .O2
    .O2 B = Parameter(0.100575, name='O2 B', bounds=(0,10))
    .O2 occ = Parameter(1, name='O2 occ')
    .O2 x = Parameter(0.730536, name='O2 x', bounds=(0,1))
    .O2 y = Parameter(0.301181, name='O2 y', bounds=(0,1))
    .O2 z = Parameter(0.0365734, name='O2 z', bounds=(0,1))
.base = Parameter(26.8319, name='base', bounds=(-250,260))
.cell
  .a = Parameter(5.53648, name='a', bounds=(5.53648,5.53648))
  .b = Parameter(5.74713, name='b', bounds=(5.74713,5.74713))
  .c = Parameter(7.69256, name='c', bounds=(7.69256,7.69256))
.eta = Parameter(0.257348, name='eta', bounds=(0,1))
.scale = Parameter(0.0807101, name='scale', bounds=(0,10))
.u = Parameter(0.175991, name='u', bounds=(0.175991,0.176011))
.v = Parameter(-0.197801, name='v', bounds=(-0.197817,-0.197796))
.w = Parameter(0.0914515, name='w', bounds=(0.091442,0.091462))
.zero = Parameter(0.0702511, name='zero', bounds=(-0.1,0.11))

[chisq=4.20418, nllf=10464.2]
                                    La B |.........   0.761585 in (0,10)
                                    La x |......... 0.000678158 in (0,1)
                                    La y |.........  0.0500593 in (0,1)
                                    Mn B ........|.    8.02401 in (0,10)
                                    O1 B .|........        1.9 in (0,10)
                                    O1 x ....|.....    0.44111 in (0,1)
                                    O1 y .........|   0.980413 in (0,1)
                                    O2 B |.........   0.100575 in (0,10)
                                    O2 x .......|..   0.730536 in (0,1)
                                    O2 y ...|......   0.301181 in (0,1)
                                    O2 z |.........  0.0365734 in (0,1)
                                    base .....|....    26.8319 in (-250,260)
                                       a ....|.....    5.53648 in (5.53648,5.53648)
                                       b .....|....    5.74713 in (5.74713,5.74713)
                                       c ...|......    7.69256 in (7.69256,7.69256)
                                     eta ..|.......   0.257348 in (0,1)
                                   scale |.........  0.0807101 in (0,10)
                                       u |.........   0.175991 in (0.175991,0.176011)
                                       v .......|..  -0.197801 in (-0.197817,-0.197796)
                                       w ....|.....  0.0914515 in (0.091442,0.091462)
                                    zero ........|.  0.0702511 in (-0.1,0.11)
              Parameter       mean  median    best [   68% interval] [   95% interval]
 1                 La B    2.3(28)   0.816   0.762 [   0.18    5.60] [   0.03    9.19]
 2                 La x  30(30)e-3  0.0211  0.0007 [  0.005   0.053] [  0.001   0.094]
 3                 La y   0.39(41)   0.063   0.050 [   0.03    0.96] [   0.01    0.99]
 4                 Mn B    4.0(30)   3.474   8.024 [   0.58    7.79] [   0.11    9.79]
 5                 O1 B    4.2(31)   3.892   1.900 [   0.78    8.12] [   0.07    9.60]
 6                 O1 x   0.42(32)   0.490   0.441 [   0.05    0.88] [   0.01    0.99]
 7                 O1 y   0.52(32)   0.493   0.980 [   0.05    0.97] [   0.01    0.99]
 8                 O2 B    3.6(30)   2.754   0.101 [   0.48    7.54] [   0.07    9.54]
 9                 O2 x   0.51(25)   0.713   0.731 [   0.23    0.76] [   0.20    0.79]
10                 O2 y   0.41(25)   0.295   0.301 [   0.20    0.78] [   0.06    0.82]
11                 O2 z   0.49(34)   0.489   0.037 [   0.04    0.96] [   0.02    0.99]
12                 base   29.3(30)   29.36   26.83 [   26.4    32.1] [   22.5    35.3]
13                    a 5.53648236(60) 5.53648238 5.53648218 [5.5364816 5.5364830] [5.5364814 5.5364833]
14                    b 5.74712803(63) 5.74712805 5.74712824 [5.7471273 5.7471288] [5.7471270 5.7471290]
15                    c 7.69256119(62) 7.69256119 7.69256084 [7.6925604 7.6925619] [7.6925602 7.6925622]
16                  eta   0.41(26)   0.386   0.257 [   0.12    0.71] [   0.03    0.91]
17                scale  84(24)e-3  0.0826  0.0807 [  0.059   0.110] [  0.042   0.138]
18                    u 0.1760017(56) 0.1760021 0.1759911 [0.175995 0.176008] [0.175992 0.176010]
19                    v -0.1978073(62) -0.1978068 -0.1978014 [-0.197814 -0.197800] [-0.197817 -0.197797]
20                    w 0.0914521(59) 0.0914525 0.0914515 [0.091445 0.091459] [0.091442 0.091461]
21                 zero  63(24)e-3  0.0655  0.0703 [  0.039   0.089] [  0.015   0.105]
