.atoms
  .O1
    .O1 B = Parameter(0.5, name='O1 B')
    .O1 occ = Parameter(1, name='O1 occ')
    .O1 x = Parameter(0.9107, name='O1 x', bounds=(0.8,1.01))
    .O1 y = Parameter(0.25, name='O1 y')
    .O1 z = Parameter(0.594806, name='O1 z', bounds=(0.49,0.7))
  .O2
    .O2 B = Parameter(0.5, name='O2 B')
    .O2 occ = Parameter(1, name='O2 occ')
    .O2 x = Parameter(0.191607, name='O2 x', bounds=(0.09,0.3))
    .O2 y = Parameter(0.25, name='O2 y')
    .O2 z = Parameter(0.544061, name='O2 z', bounds=(0.44,0.65))
  .O3
    .O3 B = Parameter(0.5, name='O3 B')
    .O3 occ = Parameter(1, name='O3 occ')
    .O3 x = Parameter(0.0818847, name='O3 x', bounds=(-0.02,0.19))
    .O3 y = Parameter(0.0287223, name='O3 y', bounds=(-0.08,0.13))
    .O3 z = Parameter(0.806292, name='O3 z', bounds=(0.7,0.91))
  .Pb
    .Pb B = Parameter(0.0639659, name='Pb B', bounds=(0,10))
    .Pb occ = Parameter(1, name='Pb occ')
    .Pb x = Parameter(0.187401, name='Pb x', bounds=(0.08,0.29))
    .Pb y = Parameter(0.25, name='Pb y')
    .Pb z = Parameter(0.167676, name='Pb z', bounds=(0.06,0.27))
  .S
    .S B = Parameter(0.5, name='S B')
    .S occ = Parameter(1, name='S occ')
    .S x = Parameter(0.0641302, name='S x', bounds=(-0.04,0.17))
    .S y = Parameter(0.25, name='S y')
    .S z = Parameter(0.68616, name='S z', bounds=(0.58,0.79))
.base = Parameter(186, name='base', bounds=(166,186))
.cell
  .a = Parameter(8.47797, name='a', bounds=(7.9,9))
  .b = Parameter(5.39699, name='b', bounds=(4.8,5.9))
  .c = Parameter(6.95844, name='c', bounds=(6.4,7.5))
.eta = Parameter(0.657076, name='eta', bounds=(0,1))
.scale = Parameter(1.25998, name='scale', bounds=(0,10))
.u = Parameter(0.173575, name='u', bounds=(0,2))
.v = Parameter(-0.377104, name='v', bounds=(-2,0))
.w = Parameter(0.371761, name='w', bounds=(0,2))
.zero = Parameter(-0.13797, name='zero', bounds=(-0.2,0.01))

[chisq=3.05517, nllf=8823.33]
                                    O1 x .....|....     0.9107 in (0.8,1.01)
                                    O1 z ....|.....   0.594806 in (0.49,0.7)
                                    O2 x ....|.....   0.191607 in (0.09,0.3)
                                    O2 z ....|.....   0.544061 in (0.44,0.65)
                                    O3 x ....|.....  0.0818847 in (-0.02,0.19)
                                    O3 y .....|....  0.0287223 in (-0.08,0.13)
                                    O3 z .....|....   0.806292 in (0.7,0.91)
                                    Pb B |.........  0.0639659 in (0,10)
                                    Pb x .....|....   0.187401 in (0.08,0.29)
                                    Pb z .....|....   0.167676 in (0.06,0.27)
                                     S x ....|.....  0.0641302 in (-0.04,0.17)
                                     S z .....|....    0.68616 in (0.58,0.79)
                                    base .........|        186 in (166,186)
                                       a .....|....    8.47797 in (7.9,9)
                                       b .....|....    5.39699 in (4.8,5.9)
                                       c .....|....    6.95844 in (6.4,7.5)
                                     eta ......|...   0.657076 in (0,1)
                                   scale .|........    1.25998 in (0,10)
                                       u |.........   0.173575 in (0,2)
                                       v ........|.  -0.377104 in (-2,0)
                                       w .|........   0.371761 in (0,2)
                                    zero ..|.......   -0.13797 in (-0.2,0.01)
              Parameter       mean  median    best [   68% interval] [   95% interval]
 1                 O1 x 0.9105(21) 0.91077 0.91070 [ 0.9096  0.9112] [ 0.9052  0.9142]
 2                 O1 z 0.5950(22) 0.59496 0.59481 [ 0.5944  0.5957] [ 0.5903  0.5997]
 3                 O2 x 0.1919(21) 0.19181 0.19161 [ 0.1912  0.1925] [ 0.1873  0.1969]
 4                 O2 z 0.5441(25)  0.5442  0.5441 [  0.543   0.545] [  0.539   0.549]
 5                 O3 x 0.0817(12) 0.08182 0.08188 [ 0.0813  0.0821] [ 0.0784  0.0837]
 6                 O3 y 0.0287(17) 0.02873 0.02872 [ 0.0281  0.0292] [ 0.0249  0.0324]
 7                 O3 z 0.8064(14) 0.80642 0.80629 [ 0.8060  0.8069] [ 0.8033  0.8096]
 8                 Pb B   0.12(16)   0.059   0.064 [   0.03    0.23] [   0.01    0.59]
 9                 Pb x 0.18742(98) 0.18744 0.18740 [ 0.1871  0.1877] [ 0.1852  0.1896]
10                 Pb z 0.1676(14) 0.16766 0.16768 [ 0.1672  0.1680] [ 0.1642  0.1705]
11                  S x 0.0644(30)  0.0642  0.0641 [  0.063   0.065] [  0.058   0.072]
12                  S z 0.6857(47)  0.6864  0.6862 [  0.685   0.687] [  0.673   0.693]
13                 base  185.5(13) 185.986 186.000 [ 185.36  186.00] [ 180.76  186.00]
14                    a 8.4779(10) 8.47799 8.47797 [ 8.4776  8.4782] [ 8.4757  8.4801]
15                    b 5.39688(68) 5.39691 5.39699 [ 5.3967  5.3971] [ 5.3953  5.3983]
16                    c 6.95832(100) 6.95838 6.95844 [ 6.9580  6.9586] [ 6.9561  6.9602]
17                  eta   0.52(24)   0.643   0.657 [   0.04    0.65] [   0.00    0.67]
18                scale  1.232(56)   1.256   1.260 [   1.16    1.26] [   1.08    1.28]
19                    u  0.153(54)   0.171   0.174 [   0.07    0.18] [   0.02    0.23]
20                    v  -0.32(14)  -0.371  -0.377 [  -0.39   -0.09] [  -0.50   -0.00]
21                    w  0.371(38)   0.372   0.372 [   0.35    0.39] [   0.28    0.47]
22                 zero -0.1393(95) -0.1386 -0.1380 [ -0.143  -0.136] [ -0.162  -0.120]
