.atoms
  .Al1
    .Al1 B = Parameter(0, name='Al1 B')
    .Al1 occ = Parameter(3, name='Al1 occ')
    .Al1 x = Parameter(0.614034, name='Al1 x', bounds=(0,1))
    .Al1 y = Parameter(0.771288, name='Al1 y', bounds=(0,1))
    .Al1 z = Parameter(0.14215, name='Al1 z', bounds=(0,1))
  .Ca1
    .Ca1 B = Parameter(0, name='Ca1 B')
    .Ca1 occ = Parameter(3, name='Ca1 occ')
    .Ca1 x = Parameter(0.0459011, name='Ca1 x', bounds=(0,1))
    .Ca1 y = Parameter(0, name='Ca1 y')
    .Ca1 z = Parameter(0.25, name='Ca1 z')
  .F1
    .F1 B = Parameter(0, name='F1 B')
    .F1 occ = Parameter(3, name='F1 occ')
    .F1 x = Parameter(0.250871, name='F1 x', bounds=(0,1))
    .F1 y = Parameter(0.895095, name='F1 y', bounds=(0,1))
    .F1 z = Parameter(0.831485, name='F1 z', bounds=(0,1))
  .F2
    .F2 B = Parameter(0, name='F2 B')
    .F2 occ = Parameter(3, name='F2 occ')
    .F2 x = Parameter(0.0587135, name='F2 x', bounds=(0,1))
    .F2 y = Parameter(0.101192, name='F2 y', bounds=(0,1))
    .F2 z = Parameter(0.772826, name='F2 z', bounds=(0,1))
  .F3
    .F3 B = Parameter(0, name='F3 B')
    .F3 occ = Parameter(3, name='F3 occ')
    .F3 x = Parameter(0.0689954, name='F3 x', bounds=(0,1))
    .F3 y = Parameter(0.211298, name='F3 y', bounds=(0,1))
    .F3 z = Parameter(0.784991, name='F3 z', bounds=(0,1))
  .Na1
    .Na1 B = Parameter(0, name='Na1 B')
    .Na1 occ = Parameter(3, name='Na1 occ')
    .Na1 x = Parameter(0.632289, name='Na1 x', bounds=(0,1))
    .Na1 y = Parameter(0.391558, name='Na1 y', bounds=(0,1))
    .Na1 z = Parameter(0.194978, name='Na1 z', bounds=(0,1))
.base = Parameter(56.8451, name='base', bounds=(-250,250))
.cell
  .a = Parameter(10.2315, name='a', bounds=(9.7,10.8))
.eta = Parameter(0.976056, name='eta', bounds=(0,1))
.scale = Parameter(0.00322583, name='scale', bounds=(0,10))
.u = Parameter(0.804895, name='u', bounds=(0,2))
.v = Parameter(-0.965781, name='v', bounds=(-2,0))
.w = Parameter(0.417566, name='w', bounds=(0,2))
.zero = Parameter(-0.116091, name='zero', bounds=(-0.2,0.01))

[chisq=50.3176, nllf=125090]
                                   Al1 x ......|...   0.614034 in (0,1)
                                   Al1 y .......|..   0.771288 in (0,1)
                                   Al1 z .|........    0.14215 in (0,1)
                                   Ca1 x |.........  0.0459011 in (0,1)
                                    F1 x ..|.......   0.250871 in (0,1)
                                    F1 y ........|.   0.895095 in (0,1)
                                    F1 z ........|.   0.831485 in (0,1)
                                    F2 x |.........  0.0587135 in (0,1)
                                    F2 y .|........   0.101192 in (0,1)
                                    F2 z .......|..   0.772826 in (0,1)
                                    F3 x |.........  0.0689954 in (0,1)
                                    F3 y ..|.......   0.211298 in (0,1)
                                    F3 z .......|..   0.784991 in (0,1)
                                   Na1 x ......|...   0.632289 in (0,1)
                                   Na1 y ...|......   0.391558 in (0,1)
                                   Na1 z .|........   0.194978 in (0,1)
                                    base ......|...    56.8451 in (-250,250)
                                       a ....|.....    10.2315 in (9.7,10.8)
                                     eta .........|   0.976056 in (0,1)
                                   scale |......... 0.00322583 in (0,10)
                                       u ....|.....   0.804895 in (0,2)
                                       v .....|....  -0.965781 in (-2,0)
                                       w ..|.......   0.417566 in (0,2)
                                    zero ...|......  -0.116091 in (-0.2,0.01)
              Parameter       mean  median    best [   68% interval] [   95% interval]
 1                Al1 x   0.49(31)   0.474   0.614 [   0.13    0.87] [   0.02    0.99]
 2                Al1 y   0.54(28)   0.562   0.771 [   0.18    0.86] [   0.05    0.97]
 3                Al1 z   0.51(30)   0.535   0.142 [   0.14    0.85] [   0.02    0.97]
 4                Ca1 x   0.50(28)   0.506   0.046 [   0.15    0.84] [   0.04    0.96]
 5                 F1 x   0.54(29)   0.552   0.251 [   0.20    0.88] [   0.05    0.98]
 6                 F1 y   0.54(28)   0.553   0.895 [   0.23    0.90] [   0.04    0.98]
 7                 F1 z   0.51(29)   0.493   0.831 [   0.16    0.87] [   0.03    0.97]
 8                 F2 x   0.49(30)   0.463   0.059 [   0.13    0.86] [   0.03    0.98]
 9                 F2 y   0.48(28)   0.455   0.101 [   0.15    0.80] [   0.03    0.97]
10                 F2 z   0.55(28)   0.604   0.773 [   0.21    0.87] [   0.04    0.96]
11                 F3 x   0.49(29)   0.482   0.069 [   0.15    0.84] [   0.03    0.98]
12                 F3 y   0.48(29)   0.469   0.211 [   0.15    0.82] [   0.01    0.96]
13                 F3 z   0.54(29)   0.521   0.785 [   0.18    0.90] [   0.04    0.99]
14                Na1 x   0.53(29)   0.539   0.632 [   0.19    0.87] [   0.03    0.97]
15                Na1 y   0.48(29)   0.444   0.392 [   0.14    0.84] [   0.01    0.97]
16                Na1 z   0.50(30)   0.506   0.195 [   0.13    0.85] [   0.01    0.98]
17                 base     50(18)   51.10   56.85 [   30.0    66.0] [   14.6    83.7]
18                    a  10.26(10)  10.239  10.232 [  10.22   10.26] [  10.21   10.69]
19                  eta   0.77(22)   0.843   0.976 [   0.50    0.97] [   0.20    1.00]
20                scale 0.00310(59) 0.00315 0.00323 [ 0.0025  0.0037] [ 0.0020  0.0042]
21                    u   1.00(54)   1.002   0.805 [   0.38    1.61] [   0.13    1.92]
22                    v  -0.92(57)  -0.842  -0.966 [  -1.64   -0.27] [  -1.96   -0.06]
23                    w   1.15(58)   1.188   0.418 [   0.45    1.82] [   0.21    1.95]
24                 zero -87(56)e-3  -0.090  -0.116 [  -0.15   -0.02] [  -0.19    0.00]
