.atoms
  .La
    .La B = Parameter(0.37559, name='La B', bounds=(0,10))
    .La occ = Parameter(1, name='La occ')
    .La x = Parameter(0.485809, name='La x', bounds=(0,1))
    .La y = Parameter(0.514241, name='La y', bounds=(0,1))
    .La z = Parameter(0.25, name='La z')
  .Mn
    .Mn B = Parameter(1.58555, name='Mn B', bounds=(0,10))
    .Mn occ = Parameter(1, name='Mn occ')
    .Mn x = Parameter(0.5, name='Mn x')
    .Mn y = Parameter(0, name='Mn y')
    .Mn z = Parameter(0, name='Mn z')
  .O1
    .O1 B = Parameter(6.89328, name='O1 B', bounds=(0,10))
    .O1 occ = Parameter(1, name='O1 occ')
    .O1 x = Parameter(0.327509, name='O1 x', bounds=(0,1))
    .O1 y = Parameter(0.96345, name='O1 y', bounds=(0,1))
    .O1 z = Parameter(0.25, name='O1 z')
  .O2
    .O2 B = Parameter(9.7499, name='O2 B', bounds=(0,10))
    .O2 occ = Parameter(1, name='O2 occ')
    .O2 x = Parameter(0.729406, name='O2 x', bounds=(0,1))
    .O2 y = Parameter(0.296726, name='O2 y', bounds=(0,1))
    .O2 z = Parameter(0.433421, name='O2 z', bounds=(0,1))
.base = Parameter(33.5621, name='base', bounds=(-250,260))
.cell
  .a = Parameter(5.53542, name='a', bounds=(5,6.1))
  .b = Parameter(5.73615, name='b', bounds=(5.2,6.3))
  .c = Parameter(7.6875, name='c', bounds=(7.1,8.2))
.eta = Parameter(0.528456, name='eta', bounds=(0,1))
.scale = Parameter(0.021124, name='scale', bounds=(0,10))
.u = Parameter(0.175991, name='u', bounds=(0.175991,0.176011))
.v = Parameter(-0.197801, name='v', bounds=(-0.197817,-0.197796))
.w = Parameter(0.0914572, name='w', bounds=(0.091442,0.091462))
.zero = Parameter(0.0475577, name='zero', bounds=(-0.1,0.11))

[chisq=10.5165, nllf=26175.5]
                                    La B |.........    0.37559 in (0,10)
                                    La x ....|.....   0.485809 in (0,1)
                                    La y .....|....   0.514241 in (0,1)
                                    Mn B .|........    1.58555 in (0,10)
                                    O1 B ......|...    6.89328 in (0,10)
                                    O1 x ...|......   0.327509 in (0,1)
                                    O1 y .........|    0.96345 in (0,1)
                                    O2 B .........|     9.7499 in (0,10)
                                    O2 x .......|..   0.729406 in (0,1)
                                    O2 y ..|.......   0.296726 in (0,1)
                                    O2 z ....|.....   0.433421 in (0,1)
                                    base .....|....    33.5621 in (-250,260)
                                       a ....|.....    5.53542 in (5,6.1)
                                       b ....|.....    5.73615 in (5.2,6.3)
                                       c .....|....     7.6875 in (7.1,8.2)
                                     eta .....|....   0.528456 in (0,1)
                                   scale |.........   0.021124 in (0,10)
                                       u |.........   0.175991 in (0.175991,0.176011)
                                       v .......|..  -0.197801 in (-0.197817,-0.197796)
                                       w .......|..  0.0914572 in (0.091442,0.091462)
                                    zero .......|..  0.0475577 in (-0.1,0.11)
              Parameter       mean  median    best [   68% interval] [   95% interval]
 1                 La B    3.5(29)   2.748   0.376 [   0.57    7.36] [   0.04    9.63]
 2                 La x   0.42(31)   0.417   0.486 [   0.06    0.81] [   0.01    0.98]
 3                 La y   0.41(31)   0.432   0.514 [   0.05    0.78] [   0.01    0.98]
 4                 Mn B    4.1(29)   3.828   1.586 [   0.77    7.69] [   0.06    9.39]
 5                 O1 B    1.5(15)   1.000   6.893 [   0.22    2.94] [   0.04    5.37]
 6                 O1 x   0.41(29)   0.408   0.328 [   0.09    0.74] [   0.02    0.98]
 7                 O1 y   0.50(29)   0.487   0.963 [   0.16    0.85] [   0.02    0.98]
 8                 O2 B    4.0(31)   3.228   9.750 [   0.67    7.84] [   0.06    9.71]
 9                 O2 x   0.52(29)   0.538   0.729 [   0.20    0.83] [   0.03    0.98]
10                 O2 y   0.42(30)   0.424   0.297 [   0.08    0.78] [   0.01    0.98]
11                 O2 z   0.45(28)   0.427   0.433 [   0.17    0.80] [   0.02    0.97]
12                 base   34.5(24)  34.697  33.562 [  33.17   36.15] [  31.12   37.44]
13                    a   5.52(21)   5.524   5.535 [   5.33    5.74] [   5.10    6.01]
14                    b   5.64(23)   5.645   5.736 [   5.41    5.77] [   5.28    6.22]
15                    c   7.79(19)   7.730   7.687 [   7.66    7.98] [   7.29    8.05]
16                  eta   0.43(30)   0.377   0.528 [   0.09    0.82] [   0.02    0.98]
17                scale 10.0(60)e-3  0.0088  0.0211 [  0.005   0.014] [  0.003   0.024]
18                    u 0.1760009(58) 0.1760004 0.1759912 [0.175994 0.176008] [0.175991 0.176010]
19                    v -0.1978069(62) -0.1978070 -0.1978005 [-0.197814 -0.197799] [-0.197817 -0.197797]
20                    w 0.0914521(58) 0.0914520 0.0914572 [0.091445 0.091459] [0.091442 0.091462]
21                 zero -0.007(58)  -0.008   0.048 [  -0.07    0.06] [  -0.10    0.10]
