.atoms
  .Fe1
    .Fe1 B = Parameter(0, name='Fe1 B')
    .Fe1 C0 = Parameter(8.37543, name='Fe1 C0', bounds=(0,10))
    .Fe1 C1 = Parameter(1.09685, name='Fe1 C1', bounds=(0,10))
    .Fe1 occ = Parameter(0.72, name='Fe1 occ')
    .Fe1 x = Parameter(0.3258, name='Fe1 x')
    .Fe1 y = Parameter(0, name='Fe1 y')
    .Fe1 z = Parameter(0, name='Fe1 z')
  .Lu1
    .Lu1 B = Parameter(0, name='Lu1 B')
    .Lu1 occ = Parameter(1.00002, name='Lu1 occ')
    .Lu1 x = Parameter(0, name='Lu1 x')
    .Lu1 y = Parameter(0, name='Lu1 y')
    .Lu1 z = Parameter(0.27015, name='Lu1 z')
  .Lu2
    .Lu2 B = Parameter(0, name='Lu2 B')
    .Lu2 occ = Parameter(0.99999, name='Lu2 occ')
    .Lu2 x = Parameter(0.33333, name='Lu2 x')
    .Lu2 y = Parameter(0.66667, name='Lu2 y')
    .Lu2 z = Parameter(0.22894, name='Lu2 z')
  .Mn1
    .Fe1 C0 = Parameter(8.37543, name='Fe1 C0', bounds=(0,10))
    .Fe1 C1 = Parameter(1.09685, name='Fe1 C1', bounds=(0,10))
    .Mn1 B = Parameter(0, name='Mn1 B')
    .Mn1 occ = Parameter(0.28, name='Mn1 occ')
    .Mn1 x = Parameter(0.3258, name='Mn1 x')
    .Mn1 y = Parameter(0, name='Mn1 y')
    .Mn1 z = Parameter(0, name='Mn1 z')
  .O1
    .O1 B = Parameter(0, name='O1 B')
    .O1 occ = Parameter(1, name='O1 occ')
    .O1 x = Parameter(0.30542, name='O1 x')
    .O1 y = Parameter(0, name='O1 y')
    .O1 z = Parameter(0.17013, name='O1 z')
  .O2
    .O2 B = Parameter(0, name='O2 B')
    .O2 occ = Parameter(1, name='O2 occ')
    .O2 x = Parameter(0.63506, name='O2 x')
    .O2 y = Parameter(0, name='O2 y')
    .O2 z = Parameter(0.33957, name='O2 z')
  .O3
    .O3 B = Parameter(0, name='O3 B')
    .O3 occ = Parameter(1.00002, name='O3 occ')
    .O3 x = Parameter(0, name='O3 x')
    .O3 y = Parameter(0, name='O3 y')
    .O3 z = Parameter(0.48597, name='O3 z')
  .O4
    .O4 B = Parameter(0, name='O4 B')
    .O4 occ = Parameter(0.99999, name='O4 occ')
    .O4 x = Parameter(0.33333, name='O4 x')
    .O4 y = Parameter(0.66667, name='O4 y')
    .O4 z = Parameter(0.01277, name='O4 z')
.cell
  .a = Parameter(5.9811, name='a', bounds=(5.78,6.19))
  .c = Parameter(11.6269, name='c', bounds=(11.43,11.84))
.scale = Parameter(0.926042, name='scale', bounds=(0,10))
.u = Parameter(0.133238, name='u', bounds=(0.09,0.5))
.v = Parameter(-1.47897e-06, name='v', bounds=(-1,0))
.w = Parameter(0.0825692, name='w', bounds=(0,1))

[chisq=239.026, nllf=732375]
                                  Fe1 C0 ........|.    8.37543 in (0,10)
                                  Fe1 C1 .|........    1.09685 in (0,10)
                                       a ....|.....     5.9811 in (5.78,6.19)
                                       c ....|.....    11.6269 in (11.43,11.84)
                                   scale |.........   0.926042 in (0,10)
                                       u .|........   0.133238 in (0.09,0.5)
                                       v .........| -1.47897e-06 in (-1,0)
                                       w |.........  0.0825692 in (0,1)
              Parameter       mean  median    best [   68% interval] [   95% interval]
 1               Fe1 C0    4.5(30)   4.377   8.375 [   0.86    8.18] [   0.09    9.71]
 2               Fe1 C1    4.5(30)   4.329   1.097 [   0.94    8.22] [   0.13    9.73]
 3                    a 5.981102(34) 5.981102 5.981098 [5.98107 5.98113] [5.98104 5.98116]
 4                    c 11.62689(11) 11.626893 11.626918 [11.62680 11.62699] [11.62670 11.62709]
 5                scale 0.9259(15) 0.92583 0.92604 [ 0.9246  0.9271] [ 0.9233  0.9286]
 6                    u 0.13347(79) 0.13346 0.13324 [ 0.1328  0.1341] [ 0.1321  0.1349]
 7                    v -28(86)e-6 -0.000012 -0.000001 [-0.00003 -0.00000] [-0.00016 -0.00000]
 8                    w 0.08256(66) 0.08255 0.08257 [ 0.0820  0.0831] [ 0.0814  0.0838]
