.atoms
  .Al1
    .Al1 B = Parameter(5.63317e-07, name='Al1 B', bounds=(0,10))
    .Al1 occ = Parameter(1, name='Al1 occ')
    .Al1 x = Parameter(0, name='Al1 x')
    .Al1 y = Parameter(0, name='Al1 y')
    .Al1 z = Parameter(0.352301, name='Al1 z', bounds=(0.25,0.46))
  .O1
    .O1 B = Parameter(1.25553e-06, name='O1 B', bounds=(0,10))
    .O1 occ = Parameter(1, name='O1 occ')
    .O1 x = Parameter(0.693214, name='O1 x', bounds=(0.59,0.8))
    .O1 y = Parameter(0, name='O1 y')
    .O1 z = Parameter(0.25, name='O1 z')
.cell
  .a = Parameter(4.76114, name='a', bounds=(4.2,5.3))
  .c = Parameter(13.0013, name='c', bounds=(12.5,13.6))
.eta = Parameter(0.04171, name='eta', bounds=(0,1))
.scale = Parameter(1.40313, name='scale', bounds=(0,10))
.u = Parameter(0.151066, name='u', bounds=(0,2))
.v = Parameter(-0.0914698, name='v', bounds=(-2,0))
.w = Parameter(0.0693509, name='w', bounds=(0,2))

[chisq=15.5219(38), nllf=50989.5]
                                   Al1 B |......... 5.63317e-07 in (0,10)
                                   Al1 z ....|.....   0.352301 in (0.25,0.46)
                                    O1 B |......... 1.25553e-06 in (0,10)
                                    O1 x ....|.....   0.693214 in (0.59,0.8)
                                       a .....|....    4.76114 in (4.2,5.3)
                                       c ....|.....    13.0013 in (12.5,13.6)
                                     eta |.........    0.04171 in (0,1)
                                   scale .|........    1.40313 in (0,10)
                                       u |.........   0.151066 in (0,2)
                                       v .........| -0.0914698 in (-2,0)
                                       w |.........  0.0693509 in (0,2)
              Parameter       mean  median    best [   68% interval] [   95% interval]
 1                Al1 B  24(57)e-3   0.001   0.000 [   0.00    0.04] [   0.00    0.21]
 2                Al1 z 0.3522(11) 0.35230 0.35230 [ 0.3521  0.3525] [ 0.3499  0.3539]
 3                 O1 B  21(53)e-3   0.001   0.000 [   0.00    0.03] [   0.00    0.20]
 4                 O1 x 0.6931(14) 0.69318 0.69321 [ 0.6929  0.6934] [ 0.6902  0.6953]
 5                    a 4.76116(36) 4.76114 4.76114 [ 4.7611  4.7612] [ 4.7606  4.7620]
 6                    c 13.0013(18) 13.00124 13.00130 [13.0009 13.0016] [12.9976 13.0047]
 7                  eta  49(32)e-3   0.042   0.042 [   0.04    0.06] [   0.01    0.15]
 8                scale  1.400(48)   1.403   1.403 [   1.39    1.41] [   1.29    1.49]
 9                    u  0.145(18)  0.1500  0.1511 [  0.137   0.153] [  0.092   0.169]
10                    v -82(27)e-3  -0.090  -0.091 [  -0.09   -0.06] [  -0.12   -0.01]
11                    w  66(11)e-3  0.0689  0.0694 [  0.061   0.071] [  0.035   0.082]
