.atoms
  .Fe1
    .Fe1 B = Parameter(0, name='Fe1 B')
    .Fe1 C0 = Parameter(7.42149, name='Fe1 C0', bounds=(-10,10))
    .Fe1 C1 = Parameter(0.921143, name='Fe1 C1', bounds=(-10,10))
    .Fe1 occ = Parameter(0.72, name='Fe1 occ')
    .Fe1 x = Parameter(0.32851, name='Fe1 x')
    .Fe1 y = Parameter(0, name='Fe1 y')
    .Fe1 z = Parameter(0, name='Fe1 z')
  .Lu1
    .Lu1 B = Parameter(0, name='Lu1 B')
    .Lu1 occ = Parameter(1.00002, name='Lu1 occ')
    .Lu1 x = Parameter(0, name='Lu1 x')
    .Lu1 y = Parameter(0, name='Lu1 y')
    .Lu1 z = Parameter(0.00121, name='Lu1 z')
  .Lu2
    .Lu2 B = Parameter(0, name='Lu2 B')
    .Lu2 occ = Parameter(0.99999, name='Lu2 occ')
    .Lu2 x = Parameter(0.33333, name='Lu2 x')
    .Lu2 y = Parameter(0.66667, name='Lu2 y')
    .Lu2 z = Parameter(0.24141, name='Lu2 z')
  .Mn1
    .Fe1 C0 = Parameter(7.42149, name='Fe1 C0', bounds=(-10,10))
    .Fe1 C1 = Parameter(0.921143, name='Fe1 C1', bounds=(-10,10))
    .Mn1 B = Parameter(0, name='Mn1 B')
    .Mn1 occ = Parameter(0.28, name='Mn1 occ')
    .Mn1 x = Parameter(0.32851, name='Mn1 x')
    .Mn1 y = Parameter(0, name='Mn1 y')
    .Mn1 z = Parameter(0, name='Mn1 z')
  .O1
    .O1 B = Parameter(0, name='O1 B')
    .O1 occ = Parameter(1, name='O1 occ')
    .O1 x = Parameter(0.29539, name='O1 x')
    .O1 y = Parameter(0, name='O1 y')
    .O1 z = Parameter(0.17768, name='O1 z')
  .O2
    .O2 B = Parameter(0, name='O2 B')
    .O2 occ = Parameter(1, name='O2 occ')
    .O2 x = Parameter(0.63803, name='O2 x')
    .O2 y = Parameter(0, name='O2 y')
    .O2 z = Parameter(0.34424, name='O2 z')
  .O3
    .O3 B = Parameter(0, name='O3 B')
    .O3 occ = Parameter(1.00002, name='O3 occ')
    .O3 x = Parameter(0, name='O3 x')
    .O3 y = Parameter(0, name='O3 y')
    .O3 z = Parameter(0.28597, name='O3 z')
  .O4
    .O4 B = Parameter(0, name='O4 B')
    .O4 occ = Parameter(0.99999, name='O4 occ')
    .O4 x = Parameter(0.33333, name='O4 x')
    .O4 y = Parameter(0.66667, name='O4 y')
    .O4 z = Parameter(0.03277, name='O4 z')
.cell
  .a = Parameter(5.98142, name='a', bounds=(5.4,6.5))
  .c = Parameter(11.6292, name='c', bounds=(11.1,12.2))
.eta = Parameter(0, name='eta')
.scale = Parameter(0.908179, name='scale', bounds=(0,10))
.u = Parameter(0.142065, name='u', bounds=(0,10))
.v = Parameter(-8.24658e-06, name='v', bounds=(-10,0))
.w = Parameter(0.0745585, name='w', bounds=(0,10))

[chisq=226.546, nllf=694136]
                                  Fe1 C0 ........|.    7.42149 in (-10,10)
                                  Fe1 C1 .....|....   0.921143 in (-10,10)
                                       a .....|....    5.98142 in (5.4,6.5)
                                       c ....|.....    11.6292 in (11.1,12.2)
                                   scale |.........   0.908179 in (0,10)
                                       u |.........   0.142065 in (0,10)
                                       v .........| -8.24658e-06 in (-10,0)
                                       w |.........  0.0745585 in (0,10)
              Parameter       mean  median    best [   68% interval] [   95% interval]
 1               Fe1 C0   -0.0(74)   -7.38    7.42 [   -7.4     7.4] [   -7.5     7.5]
 2               Fe1 C1  -0.01(93)  -0.139   0.921 [  -1.04    1.02] [  -1.28    1.28]
 3                    a 5.981425(27) 5.981425 5.981415 [5.98140 5.98145] [5.98137 5.98148]
 4                    c 11.629198(90) 11.629197 11.629161 [11.62911 11.62929] [11.62902 11.62938]
 5                scale 0.9084(12) 0.90844 0.90818 [ 0.9072  0.9096] [ 0.9060  0.9109]
 6                    u 0.14218(70) 0.14218 0.14206 [ 0.1415  0.1429] [ 0.1408  0.1435]
 7                    v -21(23)e-6 -0.0000140 -0.0000082 [-0.000037 -0.000004] [-0.000079 -0.000001]
 8                    w 0.07431(44) 0.07432 0.07456 [ 0.0739  0.0747] [ 0.0734  0.0752]
