.atoms
  .Cu1
    .Cu1 B = Parameter(0, name='Cu1 B')
    .Cu1 occ = Parameter(1, name='Cu1 occ')
    .Cu1 x = Parameter(0.99015, name='Cu1 x')
    .Cu1 y = Parameter(0.64974, name='Cu1 y')
    .Cu1 z = Parameter(0.11781, name='Cu1 z')
  .Cu2
    .Cu2 B = Parameter(0, name='Cu2 B')
    .Cu2 occ = Parameter(1, name='Cu2 occ')
    .Cu2 x = Parameter(0.26038, name='Cu2 x')
    .Cu2 y = Parameter(0.67593, name='Cu2 y')
    .Cu2 z = Parameter(0.22151, name='Cu2 z')
  .Ho1
    .Ho1 B = Parameter(0, name='Ho1 B')
    .Ho1 occ = Parameter(1, name='Ho1 occ')
    .Ho1 x = Parameter(0.20673, name='Ho1 x')
    .Ho1 y = Parameter(0.23401, name='Ho1 y')
    .Ho1 z = Parameter(0, name='Ho1 z')
  .Ho2
    .Ho2 B = Parameter(0, name='Ho2 B')
    .Ho2 occ = Parameter(1, name='Ho2 occ')
    .Ho2 x = Parameter(0.04093, name='Ho2 x')
    .Ho2 y = Parameter(0.23433, name='Ho2 y')
    .Ho2 z = Parameter(0.32767, name='Ho2 z')
  .O1
    .O1 B = Parameter(0, name='O1 B')
    .O1 occ = Parameter(1, name='O1 occ')
    .O1 x = Parameter(0.17554, name='O1 x')
    .O1 y = Parameter(0.72142, name='O1 y')
    .O1 z = Parameter(0.35528, name='O1 z')
  .O2
    .O2 B = Parameter(0, name='O2 B')
    .O2 occ = Parameter(1, name='O2 occ')
    .O2 x = Parameter(0.32558, name='O2 x')
    .O2 y = Parameter(0.73801, name='O2 y')
    .O2 z = Parameter(0.06154, name='O2 z')
  .O3
    .O3 B = Parameter(0, name='O3 B')
    .O3 occ = Parameter(1, name='O3 occ')
    .O3 x = Parameter(0.12379, name='O3 x')
    .O3 y = Parameter(0.31477, name='O3 y')
    .O3 z = Parameter(0.17225, name='O3 z')
  .O4
    .O4 B = Parameter(0, name='O4 B')
    .O4 occ = Parameter(1, name='O4 occ')
    .O4 x = Parameter(0.43043, name='O4 x')
    .O4 y = Parameter(0.76706, name='O4 y')
    .O4 z = Parameter(0.25901, name='O4 z')
  .O5
    .O5 B = Parameter(0, name='O5 B')
    .O5 occ = Parameter(1, name='O5 occ')
    .O5 x = Parameter(0.4237, name='O5 x')
    .O5 y = Parameter(0.23819, name='O5 y')
    .O5 z = Parameter(0.47305, name='O5 z')
.base = Parameter(3901.98, name='base', bounds=(3000,4100))
.cell
  .a = Parameter(10.7882, name='a', bounds=(10.2,11.3))
  .b = Parameter(3.48873, name='b', bounds=(2.9,4))
  .c = Parameter(12.415, name='c', bounds=(11.9,13))
.eta = Parameter(0.127579, name='eta', bounds=(0,1))
.scale = Parameter(7.51111, name='scale', bounds=(0,60))
.u = Parameter(1.2779, name='u', bounds=(0,10))
.v = Parameter(-0.766017, name='v', bounds=(-10,0))
.w = Parameter(0.314327, name='w', bounds=(0,10))
.zero = Parameter(0.0196929, name='zero', bounds=(-0.24,0.27))

[chisq=20.249(30), nllf=7897]
                                    base ........|.    3901.98 in (3000,4100)
                                       a .....|....    10.7882 in (10.2,11.3)
                                       b .....|....    3.48873 in (2.9,4)
                                       c ....|.....     12.415 in (11.9,13)
                                     eta .|........   0.127579 in (0,1)
                                   scale .|........    7.51111 in (0,60)
                                       u .|........     1.2779 in (0,10)
                                       v .........|  -0.766017 in (-10,0)
                                       w |.........   0.314327 in (0,10)
                                    zero .....|....  0.0196929 in (-0.24,0.27)
/home/jel/.local/lib/python2.7/site-packages/matplotlib/axes/_axes.py:2651: MatplotlibDeprecationWarning: Use of None object as fmt keyword argument to suppress plotting of data values is deprecated since 1.4; use the string "none" instead.
  warnings.warn(msg, mplDeprecation, stacklevel=1)
              Parameter       mean  median    best [   68% interval] [   95% interval]
 1                 base   3898(27)  3902.1  3902.0 [   3894    3907] [   3827    3938]
 2                    a 10.7881(12) 10.78819 10.78821 [10.7878 10.7885] [10.7849 10.7907]
 3                    b 3.48881(43) 3.48878 3.48873 [ 3.4887  3.4889] [ 3.4879  3.4899]
 4                    c 12.4151(16) 12.41495 12.41504 [12.4146 12.4154] [12.4122 12.4193]
 5                  eta  0.127(19)  0.1283  0.1276 [  0.122   0.134] [  0.080   0.169]
 6                scale  7.513(57)   7.512   7.511 [   7.50    7.53] [   7.40    7.64]
 7                    u  1.279(89)   1.281   1.278 [   1.25    1.30] [   1.07    1.47]
 8                    v -0.763(85)  -0.768  -0.766 [  -0.79   -0.74] [  -0.93   -0.55]
 9                    w  0.313(17)  0.3142  0.3143 [  0.309   0.318] [  0.269   0.347]
10                 zero 0.0200(35)  0.0198  0.0197 [  0.019   0.021] [  0.012   0.029]
