.atoms
  .01
    .01 B = Parameter(0.31185, name='01 B')
    .01 occ = Parameter(1, name='01 occ')
    .01 x = Parameter(0.30541, name='01 x')
    .01 y = Parameter(0, name='01 y')
    .01 z = Parameter(0.16384, name='01 z')
  .Fe1
    .Fe1 B = Parameter(0.03803, name='Fe1 B')
    .Fe1 occ = Parameter(0.26096, name='Fe1 occ')
    .Fe1 x = Parameter(0.33467, name='Fe1 x')
    .Fe1 y = Parameter(0, name='Fe1 y')
    .Fe1 z = Parameter(0, name='Fe1 z')
  .Lu1
    .Lu1 B = Parameter(0.16797, name='Lu1 B')
    .Lu1 occ = Parameter(1.00002, name='Lu1 occ')
    .Lu1 x = Parameter(0, name='Lu1 x')
    .Lu1 y = Parameter(0, name='Lu1 y')
    .Lu1 z = Parameter(0.27457, name='Lu1 z')
  .Lu2
    .Lu2 B = Parameter(0.00129, name='Lu2 B')
    .Lu2 occ = Parameter(0.99999, name='Lu2 occ')
    .Lu2 x = Parameter(0.33333, name='Lu2 x')
    .Lu2 y = Parameter(0.66667, name='Lu2 y')
    .Lu2 z = Parameter(0.23095, name='Lu2 z')
  .Mn1
    .Mn1 B = Parameter(0.03803, name='Mn1 B')
    .Mn1 occ = Parameter(0.26096, name='Mn1 occ')
    .Mn1 x = Parameter(0.33467, name='Mn1 x')
    .Mn1 y = Parameter(0, name='Mn1 y')
    .Mn1 z = Parameter(0, name='Mn1 z')
  .O2
    .O2 B = Parameter(0.31185, name='O2 B')
    .O2 occ = Parameter(1, name='O2 occ')
    .O2 x = Parameter(0.63773, name='O2 x')
    .O2 y = Parameter(0, name='O2 y')
    .O2 z = Parameter(0.3359, name='O2 z')
  .O3
    .O3 B = Parameter(0.39046, name='O3 B')
    .O3 occ = Parameter(1.00002, name='O3 occ')
    .O3 x = Parameter(0, name='O3 x')
    .O3 y = Parameter(0, name='O3 y')
    .O3 z = Parameter(0.47444, name='O3 z')
  .O4
    .O4 B = Parameter(0.39046, name='O4 B')
    .O4 occ = Parameter(0.9999, name='O4 occ')
    .O4 x = Parameter(0.33333, name='O4 x')
    .O4 y = Parameter(0.66667, name='O4 y')
    .O4 z = Parameter(0.01795, name='O4 z')
.base = Parameter(107.21, name='base', bounds=(-500,600))
.cell
  .a = Parameter(5.98138, name='a', bounds=(5.4,6.5))
  .c = Parameter(11.6309, name='c', bounds=(11.1,12.2))
.eta = Parameter(1.05558e-05, name='eta', bounds=(0,1))
.scale = Parameter(0.32031, name='scale', bounds=(0,10))
.u = Parameter(0.202522, name='u', bounds=(0,10))
.v = Parameter(-0.239516, name='v', bounds=(-10,0))
.w = Parameter(0.139863, name='w', bounds=(0,10))

[chisq=40.6116(34), nllf=112535]
                                    base .....|....     107.21 in (-500,600)
                                       a .....|....    5.98138 in (5.4,6.5)
                                       c ....|.....    11.6309 in (11.1,12.2)
                                     eta |......... 1.05558e-05 in (0,1)
                                   scale |.........    0.32031 in (0,10)
                                       u |.........   0.202522 in (0,10)
                                       v .........|  -0.239516 in (-10,0)
                                       w |.........   0.139863 in (0,10)
              Parameter       mean  median    best [   68% interval] [   95% interval]
 1                 base 107.21(80) 107.286 107.210 [ 106.99  107.54] [ 105.17  108.46]
 2                    a 5.981374(99) 5.981375 5.981376 [5.98134 5.98141] [5.98117 5.98157]
 3                    c 11.63095(36) 11.63096 11.63093 [11.6308 11.6311] [11.6301 11.6316]
 4                  eta  0.004(14)  0.0003  0.0000 [  0.000   0.003] [  0.000   0.039]
 5                scale 0.3203(25)  0.3202  0.3203 [  0.319   0.321] [  0.316   0.326]
 6                    u 0.2034(73)  0.2032  0.2025 [  0.201   0.206] [  0.189   0.219]
 7                    v -0.241(12) -0.2403 -0.2395 [ -0.244  -0.236] [ -0.266  -0.217]
 8                    w 0.1400(43)  0.1399  0.1399 [  0.138   0.141] [  0.131   0.149]
