.atoms
  .Ba
    .Ba B = Parameter(0, name='Ba B')
    .Ba occ = Parameter(1, name='Ba occ')
    .Ba x = Parameter(0.5, name='Ba x')
    .Ba y = Parameter(0.5, name='Ba y')
    .Ba z = Parameter(0, name='Ba z')
  .Ho
    .Ho B = Parameter(0, name='Ho B')
    .Ho C0 = Parameter(-9.99954, name='Ho C0', bounds=(-10,10))
    .Ho C1 = Parameter(1.16776, name='Ho C1', bounds=(-10,10))
    .Ho occ = Parameter(1, name='Ho occ')
    .Ho x = Parameter(0.5, name='Ho x')
    .Ho y = Parameter(0, name='Ho y')
    .Ho z = Parameter(0.20264, name='Ho z')
  .Ni
    .Ni B = Parameter(0, name='Ni B')
    .Ni C0 = Parameter(-9.98154, name='Ni C0', bounds=(-10,10))
    .Ni C1 = Parameter(9.87664, name='Ni C1', bounds=(-10,10))
    .Ni occ = Parameter(1, name='Ni occ')
    .Ni x = Parameter(0, name='Ni x')
    .Ni y = Parameter(0, name='Ni y')
    .Ni z = Parameter(0, name='Ni z')
  .O1
    .O1 B = Parameter(0, name='O1 B')
    .O1 occ = Parameter(1, name='O1 occ')
    .O1 x = Parameter(0, name='O1 x')
    .O1 y = Parameter(0.24367, name='O1 y')
    .O1 z = Parameter(0.14959, name='O1 z')
  .O2
    .O2 B = Parameter(0, name='O2 B')
    .O2 occ = Parameter(1, name='O2 occ')
    .O2 x = Parameter(0.5, name='O2 x')
    .O2 y = Parameter(0, name='O2 y')
    .O2 z = Parameter(0, name='O2 z')
.base = Parameter(6511.88, name='base', bounds=(6510,6514))
.cell
  .a = Parameter(3.74529, name='a', bounds=(3.2,4.3))
  .b = Parameter(5.72171, name='b', bounds=(5.2,6.3))
  .c = Parameter(11.2655, name='c', bounds=(10.7,11.8))
.eta = Parameter(0, name='eta')
.scale = Parameter(59.9381, name='scale', bounds=(59,60))
.u = Parameter(2.03073, name='u', bounds=(0,10))
.v = Parameter(-1.27679, name='v', bounds=(-10,0))
.w = Parameter(0.38152, name='w', bounds=(0,10))

[chisq=2860.23, nllf=1.10977e+06]
                                   Ho C0 |.........   -9.99954 in (-10,10)
                                   Ho C1 .....|....    1.16776 in (-10,10)
                                   Ni C0 |.........   -9.98154 in (-10,10)
                                   Ni C1 .........|    9.87664 in (-10,10)
                                    base ....|.....    6511.88 in (6510,6514)
                                       a ....|.....    3.74529 in (3.2,4.3)
                                       b ....|.....    5.72171 in (5.2,6.3)
                                       c .....|....    11.2655 in (10.7,11.8)
                                   scale .........|    59.9381 in (59,60)
                                       u ..|.......    2.03073 in (0,10)
                                       v ........|.   -1.27679 in (-10,0)
                                       w |.........    0.38152 in (0,10)
              Parameter       mean  median    best [   68% interval] [   95% interval]
 1                Ho C0    0.3(98)    8.74  -10.00 [  -10.0    10.0] [  -10.0    10.0]
 2                Ho C1   -0.3(57)   -0.67    1.17 [   -6.9     6.4] [   -9.5     9.3]
 3                Ni C0    0.1(93)    2.06   -9.98 [   -9.9     9.9] [  -10.0    10.0]
 4                Ni C1   -0.8(58)   -1.22    9.88 [   -7.5     6.4] [   -9.5     9.4]
 5                 base 6512.0(11) 6511.982 6511.882 [6510.65 6513.25] [6510.09 6513.90]
 6                    a 3.7458(32)  3.7457  3.7453 [  3.743   3.748] [  3.739   3.753]
 7                    b 5.7234(53)  5.7229  5.7217 [  5.719   5.728] [  5.713   5.735]
 8                    c 11.264(12) 11.2635 11.2655 [ 11.255  11.274] [ 11.236  11.290]
 9                scale  59.56(30)  59.598  59.938 [  59.20   59.90] [  59.03   59.99]
10                    u   0.81(76)   0.780   2.031 [   0.01    1.72] [   0.00    2.31]
11                    v  -0.38(46)  -0.139  -1.277 [  -0.94   -0.02] [  -1.55   -0.00]
12                    w   0.36(16)   0.348   0.382 [   0.19    0.51] [   0.13    0.71]
