.atoms
  .O1
    .O1 B = Parameter(0.5, name='O1 B')
    .O1 occ = Parameter(1, name='O1 occ')
    .O1 x = Parameter(0.909055, name='O1 x', bounds=(-0.1,2))
    .O1 y = Parameter(0.25, name='O1 y')
    .O1 z = Parameter(0.595744, name='O1 z', bounds=(-0.5,1.6))
  .O2
    .O2 B = Parameter(0.5, name='O2 B')
    .O2 occ = Parameter(1, name='O2 occ')
    .O2 x = Parameter(0.192831, name='O2 x', bounds=(-0.9,1.2))
    .O2 y = Parameter(0.25, name='O2 y')
    .O2 z = Parameter(0.542582, name='O2 z', bounds=(-0.5,1.6))
  .O3
    .O3 B = Parameter(0.5, name='O3 B')
    .O3 occ = Parameter(1, name='O3 occ')
    .O3 x = Parameter(0.081153, name='O3 x', bounds=(-1,1.1))
    .O3 y = Parameter(0.0282213, name='O3 y', bounds=(-1,1.1))
    .O3 z = Parameter(0.807125, name='O3 z', bounds=(-0.2,1.9))
  .Pb
    .Pb B = Parameter(0.374014, name='Pb B', bounds=(0,10))
    .Pb occ = Parameter(1, name='Pb occ')
    .Pb x = Parameter(0.18723, name='Pb x', bounds=(-0.9,1.2))
    .Pb y = Parameter(0.25, name='Pb y')
    .Pb z = Parameter(0.167179, name='Pb z', bounds=(-0.9,1.2))
  .S
    .S B = Parameter(0.5, name='S B')
    .S occ = Parameter(1, name='S occ')
    .S x = Parameter(0.0648723, name='S x', bounds=(-1,1.1))
    .S y = Parameter(0.25, name='S y')
    .S z = Parameter(0.685412, name='S z', bounds=(-0.4,1.7))
.base = Parameter(213.475, name='base', bounds=(-80,430))
.cell
  .a = Parameter(8.47816, name='a', bounds=(7.9,9))
  .b = Parameter(5.39688, name='b', bounds=(4.8,5.9))
  .c = Parameter(6.95831, name='c', bounds=(6.4,7.5))
.eta = Parameter(0.451881, name='eta', bounds=(0,1))
.scale = Parameter(1.14508, name='scale', bounds=(0,10))
.u = Parameter(0.155385, name='u', bounds=(0,2))
.v = Parameter(-0.361573, name='v', bounds=(-2,0))
.w = Parameter(0.374667, name='w', bounds=(0,2))
.zero = Parameter(-0.138759, name='zero', bounds=(-0.3,0.11))

[chisq=1.92588, nllf=5561.93]
                                    O1 x ....|.....   0.909055 in (-0.1,2)
                                    O1 z .....|....   0.595744 in (-0.5,1.6)
                                    O2 x .....|....   0.192831 in (-0.9,1.2)
                                    O2 z ....|.....   0.542582 in (-0.5,1.6)
                                    O3 x .....|....   0.081153 in (-1,1.1)
                                    O3 y ....|.....  0.0282213 in (-1,1.1)
                                    O3 z ....|.....   0.807125 in (-0.2,1.9)
                                    Pb B |.........   0.374014 in (0,10)
                                    Pb x .....|....    0.18723 in (-0.9,1.2)
                                    Pb z .....|....   0.167179 in (-0.9,1.2)
                                     S x .....|....  0.0648723 in (-1,1.1)
                                     S z .....|....   0.685412 in (-0.4,1.7)
                                    base .....|....    213.475 in (-80,430)
                                       a .....|....    8.47816 in (7.9,9)
                                       b .....|....    5.39688 in (4.8,5.9)
                                       c .....|....    6.95831 in (6.4,7.5)
                                     eta ....|.....   0.451881 in (0,1)
                                   scale .|........    1.14508 in (0,10)
                                       u |.........   0.155385 in (0,2)
                                       v ........|.  -0.361573 in (-2,0)
                                       w .|........   0.374667 in (0,2)
                                    zero ...|......  -0.138759 in (-0.3,0.11)
              Parameter       mean  median    best [   68% interval] [   95% interval]
 1                 O1 x 0.90900(76) 0.90903 0.90906 [ 0.9088  0.9092] [ 0.9082  0.9095]
 2                 O1 z 0.59581(81) 0.59581 0.59574 [ 0.5956  0.5960] [ 0.5951  0.5964]
 3                 O2 x 0.19292(76) 0.19289 0.19283 [ 0.1927  0.1931] [ 0.1924  0.1937]
 4                 O2 z 0.54262(98) 0.54266 0.54258 [ 0.5424  0.5429] [ 0.5418  0.5434]
 5                 O3 x 0.08114(46) 0.081137 0.081153 [0.08101 0.08126] [0.08077 0.08152]
 6                 O3 y 0.02830(63) 0.02831 0.02822 [ 0.0281  0.0285] [ 0.0277  0.0288]
 7                 O3 z 0.80712(58) 0.807116 0.807125 [0.80697 0.80727] [0.80669 0.80758]
 8                 Pb B  0.381(82)   0.373   0.374 [   0.35    0.40] [   0.32    0.51]
 9                 Pb x 0.18718(40) 0.187171 0.187230 [0.18707 0.18728] [0.18689 0.18752]
10                 Pb z 0.16717(56) 0.167160 0.167179 [0.16701 0.16731] [0.16676 0.16767]
11                  S x 0.0650(13) 0.06492 0.06487 [ 0.0646  0.0652] [ 0.0641  0.0663]
12                  S z 0.6854(16) 0.68549 0.68541 [ 0.6851  0.6859] [ 0.6839  0.6866]
13                 base  213.5(20) 213.313 213.475 [ 212.95  213.70] [ 212.53  217.71]
14                    a 8.47818(37) 8.478182 8.478158 [8.47809 8.47828] [8.47788 8.47844]
15                    b 5.39691(24) 5.396910 5.396882 [5.39684 5.39698] [5.39672 5.39710]
16                    c 6.95830(35) 6.958298 6.958307 [6.95821 6.95839] [6.95801 6.95853]
17                  eta  0.436(81)   0.452   0.452 [   0.44    0.46] [   0.03    0.47]
18                scale  1.142(21)  1.1453  1.1451 [  1.142   1.149] [  1.065   1.152]
19                    u  0.152(13)  0.1523  0.1554 [  0.147   0.158] [  0.142   0.163]
20                    v -0.355(31) -0.3556 -0.3616 [ -0.367  -0.344] [ -0.380  -0.330]
21                    w  0.375(17)  0.3737  0.3747 [  0.367   0.378] [  0.361   0.412]
22                 zero -0.1385(37) -0.13838 -0.13876 [-0.1394 -0.1374] [-0.1420 -0.1359]
