.atoms
  .Cu1
    .Cu1 B = Parameter(0, name='Cu1 B')
    .Cu1 occ = Parameter(1, name='Cu1 occ')
    .Cu1 x = Parameter(0.99015, name='Cu1 x')
    .Cu1 y = Parameter(0.64974, name='Cu1 y')
    .Cu1 z = Parameter(0.11781, name='Cu1 z')
  .Cu2
    .Cu2 B = Parameter(0, name='Cu2 B')
    .Cu2 occ = Parameter(1, name='Cu2 occ')
    .Cu2 x = Parameter(0.26038, name='Cu2 x')
    .Cu2 y = Parameter(0.67593, name='Cu2 y')
    .Cu2 z = Parameter(0.22151, name='Cu2 z')
  .Ho1
    .Ho1 B = Parameter(0, name='Ho1 B')
    .Ho1 occ = Parameter(1, name='Ho1 occ')
    .Ho1 x = Parameter(0.20673, name='Ho1 x')
    .Ho1 y = Parameter(0.23401, name='Ho1 y')
    .Ho1 z = Parameter(0, name='Ho1 z')
  .Ho2
    .Ho2 B = Parameter(0, name='Ho2 B')
    .Ho2 occ = Parameter(1, name='Ho2 occ')
    .Ho2 x = Parameter(0.04093, name='Ho2 x')
    .Ho2 y = Parameter(0.23433, name='Ho2 y')
    .Ho2 z = Parameter(0.32767, name='Ho2 z')
  .O1
    .O1 B = Parameter(0, name='O1 B')
    .O1 occ = Parameter(1, name='O1 occ')
    .O1 x = Parameter(0.17554, name='O1 x')
    .O1 y = Parameter(0.72142, name='O1 y')
    .O1 z = Parameter(0.35528, name='O1 z')
  .O2
    .O2 B = Parameter(0, name='O2 B')
    .O2 occ = Parameter(1, name='O2 occ')
    .O2 x = Parameter(0.32558, name='O2 x')
    .O2 y = Parameter(0.73801, name='O2 y')
    .O2 z = Parameter(0.06154, name='O2 z')
  .O3
    .O3 B = Parameter(0, name='O3 B')
    .O3 occ = Parameter(1, name='O3 occ')
    .O3 x = Parameter(0.12379, name='O3 x')
    .O3 y = Parameter(0.31477, name='O3 y')
    .O3 z = Parameter(0.17225, name='O3 z')
  .O4
    .O4 B = Parameter(0, name='O4 B')
    .O4 occ = Parameter(1, name='O4 occ')
    .O4 x = Parameter(0.43043, name='O4 x')
    .O4 y = Parameter(0.76706, name='O4 y')
    .O4 z = Parameter(0.25901, name='O4 z')
  .O5
    .O5 B = Parameter(0, name='O5 B')
    .O5 occ = Parameter(1, name='O5 occ')
    .O5 x = Parameter(0.4237, name='O5 x')
    .O5 y = Parameter(0.23819, name='O5 y')
    .O5 z = Parameter(0.47305, name='O5 z')
.base = Parameter(3901.79, name='base', bounds=(3000,4100))
.cell
  .a = Parameter(10.7882, name='a', bounds=(10.2,11.3))
  .b = Parameter(3.48875, name='b', bounds=(2.9,4))
  .c = Parameter(12.4148, name='c', bounds=(11.9,13))
.eta = Parameter(0.127925, name='eta', bounds=(0,1))
.scale = Parameter(7.51055, name='scale', bounds=(0,60))
.u = Parameter(1.2738, name='u', bounds=(0,10))
.v = Parameter(-0.76084, name='v', bounds=(-10,0))
.w = Parameter(0.312676, name='w', bounds=(0,10))
.zero = Parameter(0.019514, name='zero', bounds=(-0.24,0.27))

[chisq=20.248(30), nllf=7896.89]
                                    base ........|.    3901.79 in (3000,4100)
                                       a .....|....    10.7882 in (10.2,11.3)
                                       b .....|....    3.48875 in (2.9,4)
                                       c ....|.....    12.4148 in (11.9,13)
                                     eta .|........   0.127925 in (0,1)
                                   scale .|........    7.51055 in (0,60)
                                       u .|........     1.2738 in (0,10)
                                       v .........|   -0.76084 in (-10,0)
                                       w |.........   0.312676 in (0,10)
                                    zero .....|....   0.019514 in (-0.24,0.27)
              Parameter       mean  median    best [   68% interval] [   95% interval]
 1                 base   3902(12) 3902.32 3901.79 [ 3897.7  3906.8] [ 3875.9  3928.5]
 2                    a 10.78816(65) 10.78818 10.78820 [10.7879 10.7884] [10.7866 10.7895]
 3                    b 3.48877(26) 3.48877 3.48875 [ 3.4887  3.4889] [ 3.4882  3.4893]
 4                    c 12.41495(89) 12.41494 12.41480 [12.4146 12.4152] [12.4131 12.4170]
 5                  eta  0.128(11)  0.1284  0.1279 [  0.124   0.133] [  0.105   0.152]
 6                scale  7.511(33)   7.512   7.511 [   7.50    7.52] [   7.44    7.58]
 7                    u  1.285(54)   1.282   1.274 [   1.26    1.30] [   1.19    1.42]
 8                    v -0.771(49)  -0.769  -0.761 [  -0.79   -0.75] [  -0.90   -0.68]
 9                    w 0.3147(96)  0.3144  0.3127 [  0.311   0.318] [  0.295   0.339]
10                 zero 0.0197(21) 0.01974 0.01951 [ 0.0190  0.0205] [ 0.0152  0.0241]
