.atoms
  .La
    .La B = Parameter(0.3516, name='La B')
    .La occ = Parameter(1, name='La occ')
    .La x = Parameter(0.995719, name='La x', bounds=(0,1))
    .La y = Parameter(0.0527643, name='La y', bounds=(0,1))
    .La z = Parameter(0.25, name='La z')
  .Mn
    .Mn B = Parameter(0.21122, name='Mn B')
    .Mn occ = Parameter(1, name='Mn occ')
    .Mn x = Parameter(0.5, name='Mn x')
    .Mn y = Parameter(0, name='Mn y')
    .Mn z = Parameter(0, name='Mn z')
  .O1
    .O1 B = Parameter(0.5011, name='O1 B')
    .O1 occ = Parameter(1, name='O1 occ')
    .O1 x = Parameter(0.0564577, name='O1 x', bounds=(0,1))
    .O1 y = Parameter(0.47384, name='O1 y', bounds=(0,1))
    .O1 z = Parameter(0.25, name='O1 z')
  .O2
    .O2 B = Parameter(0.4396, name='O2 B')
    .O2 occ = Parameter(1, name='O2 occ')
    .O2 x = Parameter(0.768185, name='O2 x', bounds=(0,1))
    .O2 y = Parameter(0.806499, name='O2 y', bounds=(0,1))
    .O2 z = Parameter(0.0379942, name='O2 z', bounds=(0,1))
.base = Parameter(25.4437, name='base', bounds=(-250,260))
.cell
  .a = Parameter(5.53648, name='a', bounds=(5.53648,5.53648))
  .b = Parameter(5.74713, name='b', bounds=(5.74713,5.74713))
  .c = Parameter(7.69256, name='c', bounds=(7.69256,7.69256))
.eta = Parameter(0.410099, name='eta', bounds=(0,1))
.scale = Parameter(0.0777109, name='scale', bounds=(0,10))
.u = Parameter(0.176, name='u', bounds=(0.175991,0.176011))
.v = Parameter(-0.197817, name='v', bounds=(-0.197817,-0.197796))
.w = Parameter(0.0914505, name='w', bounds=(0.091442,0.091462))
.zero = Parameter(0.0767845, name='zero', bounds=(-0.1,0.11))

[chisq=3.41132, nllf=8504.43]
                                    La x .........|   0.995719 in (0,1)
                                    La y |.........  0.0527643 in (0,1)
                                    O1 x |.........  0.0564577 in (0,1)
                                    O1 y ....|.....    0.47384 in (0,1)
                                    O2 x .......|..   0.768185 in (0,1)
                                    O2 y ........|.   0.806499 in (0,1)
                                    O2 z |.........  0.0379942 in (0,1)
                                    base .....|....    25.4437 in (-250,260)
                                       a .|........    5.53648 in (5.53648,5.53648)
                                       b ........|.    5.74713 in (5.74713,5.74713)
                                       c .|........    7.69256 in (7.69256,7.69256)
                                     eta ....|.....   0.410099 in (0,1)
                                   scale |.........  0.0777109 in (0,10)
                                       u ....|.....      0.176 in (0.175991,0.176011)
                                       v |.........  -0.197817 in (-0.197817,-0.197796)
                                       w ....|.....  0.0914505 in (0.091442,0.091462)
                                    zero ........|.  0.0767845 in (-0.1,0.11)
              Parameter       mean  median    best [   68% interval] [   95% interval]
 1                 La x   0.51(32)   0.501   0.996 [   0.03    0.98] [   0.00    1.00]
 2                 La y   0.54(32)   0.530   0.053 [   0.05    0.96] [   0.01    0.98]
 3                 O1 x   0.48(32)   0.482   0.056 [   0.07    0.93] [   0.01    0.99]
 4                 O1 y   0.45(33)   0.490   0.474 [   0.03    0.96] [   0.00    1.00]
 5                 O2 x   0.54(25)   0.723   0.768 [   0.23    0.77] [   0.21    0.79]
 6                 O2 y   0.51(27)   0.682   0.806 [   0.19    0.80] [   0.18    0.82]
 7                 O2 z   0.47(33)   0.465   0.038 [   0.04    0.96] [   0.02    0.97]
 8                 base   25.9(33)   26.09   25.44 [   22.6    29.2] [   19.8    32.6]
 9                    a 5.53648234(62) 5.53648234 5.53648166 [5.5364816 5.5364831] [5.5364814 5.5364833]
10                    b 5.74712806(61) 5.74712805 5.74712870 [5.7471274 5.7471288] [5.7471270 5.7471290]
11                    c 7.69256117(60) 7.69256120 7.69256043 [7.6925605 7.6925619] [7.6925602 7.6925621]
12                  eta   0.49(25)   0.507   0.410 [   0.20    0.77] [   0.05    0.93]
13                scale  63(12)e-3  0.0610  0.0777 [  0.050   0.075] [  0.043   0.088]
14                    u 0.1760005(57) 0.1760005 0.1759995 [0.175994 0.176007] [0.175991 0.176010]
15                    v -0.1978070(60) -0.1978077 -0.1978168 [-0.197814 -0.197800] [-0.197816 -0.197796]
16                    w 0.0914518(57) 0.0914516 0.0914505 [0.091445 0.091459] [0.091443 0.091461]
17                 zero  75(20)e-3  0.0757  0.0768 [  0.054   0.096] [  0.033   0.108]
