.atoms
  .Fe1
    .Fe1 B = Parameter(0, name='Fe1 B')
    .Fe1 C0 = Parameter(-2.30094, name='Fe1 C0', bounds=(-10,10))
    .Fe1 C1 = Parameter(8.5082, name='Fe1 C1', bounds=(-10,10))
    .Fe1 occ = Parameter(0.72, name='Fe1 occ')
    .Fe1 x = Parameter(0.32851, name='Fe1 x')
    .Fe1 y = Parameter(0, name='Fe1 y')
    .Fe1 z = Parameter(0, name='Fe1 z')
  .Lu1
    .Lu1 B = Parameter(0, name='Lu1 B')
    .Lu1 occ = Parameter(1.00002, name='Lu1 occ')
    .Lu1 x = Parameter(0, name='Lu1 x')
    .Lu1 y = Parameter(0, name='Lu1 y')
    .Lu1 z = Parameter(0.00121, name='Lu1 z')
  .Lu2
    .Lu2 B = Parameter(0, name='Lu2 B')
    .Lu2 occ = Parameter(0.99999, name='Lu2 occ')
    .Lu2 x = Parameter(0.33333, name='Lu2 x')
    .Lu2 y = Parameter(0.66667, name='Lu2 y')
    .Lu2 z = Parameter(0.24141, name='Lu2 z')
  .Mn1
    .Fe1 C0 = Parameter(-2.30094, name='Fe1 C0', bounds=(-10,10))
    .Fe1 C1 = Parameter(8.5082, name='Fe1 C1', bounds=(-10,10))
    .Mn1 B = Parameter(0, name='Mn1 B')
    .Mn1 occ = Parameter(0.28, name='Mn1 occ')
    .Mn1 x = Parameter(0.32851, name='Mn1 x')
    .Mn1 y = Parameter(0, name='Mn1 y')
    .Mn1 z = Parameter(0, name='Mn1 z')
  .O1
    .O1 B = Parameter(0, name='O1 B')
    .O1 occ = Parameter(1, name='O1 occ')
    .O1 x = Parameter(0.29539, name='O1 x')
    .O1 y = Parameter(0, name='O1 y')
    .O1 z = Parameter(0.17768, name='O1 z')
  .O2
    .O2 B = Parameter(0, name='O2 B')
    .O2 occ = Parameter(1, name='O2 occ')
    .O2 x = Parameter(0.63803, name='O2 x')
    .O2 y = Parameter(0, name='O2 y')
    .O2 z = Parameter(0.34424, name='O2 z')
  .O3
    .O3 B = Parameter(0, name='O3 B')
    .O3 occ = Parameter(1.00002, name='O3 occ')
    .O3 x = Parameter(0, name='O3 x')
    .O3 y = Parameter(0, name='O3 y')
    .O3 z = Parameter(0.28597, name='O3 z')
  .O4
    .O4 B = Parameter(0, name='O4 B')
    .O4 occ = Parameter(0.99999, name='O4 occ')
    .O4 x = Parameter(0.33333, name='O4 x')
    .O4 y = Parameter(0.66667, name='O4 y')
    .O4 z = Parameter(0.03277, name='O4 z')
.cell
  .a = Parameter(5.98133, name='a', bounds=(5.4,6.5))
  .c = Parameter(11.6285, name='c', bounds=(11.1,12.2))
.scale = Parameter(0.919567, name='scale', bounds=(0,10))
.u = Parameter(0.139539, name='u', bounds=(0,10))
.v = Parameter(-2.25984e-05, name='v', bounds=(-10,0))
.w = Parameter(0.0790679, name='w', bounds=(0,10))

[chisq=236.602, nllf=724948]
                                  Fe1 C0 ...|......   -2.30094 in (-10,10)
                                  Fe1 C1 .........|     8.5082 in (-10,10)
                                       a .....|....    5.98133 in (5.4,6.5)
                                       c ....|.....    11.6285 in (11.1,12.2)
                                   scale |.........   0.919567 in (0,10)
                                       u |.........   0.139539 in (0,10)
                                       v .........| -2.25984e-05 in (-10,0)
                                       w |.........  0.0790679 in (0,10)
              Parameter       mean  median    best [   68% interval] [   95% interval]
 1               Fe1 C0    0.1(23)   1.195  -2.301 [  -2.31    2.35] [  -2.84    2.99]
 2               Fe1 C1   -0.5(57)   -0.66    8.51 [   -7.1     6.3] [   -9.5     9.5]
 3                    a 5.98130(80) 5.98131 5.98133 [ 5.9810  5.9816] [ 5.9797  5.9829]
 4                    c 11.6288(32) 11.6286 11.6285 [ 11.628  11.630] [ 11.623  11.637]
 5                scale  0.907(51)   0.919   0.920 [   0.90    0.93] [   0.74    0.96]
 6                    u  0.132(33)   0.140   0.140 [   0.12    0.15] [   0.02    0.17]
 7                    v -0.008(14) -0.0015 -0.0000 [ -0.016  -0.000] [ -0.053  -0.000]
 8                    w  92(39)e-3   0.080   0.079 [   0.08    0.10] [   0.07    0.21]
