.atoms
  .Ba
    .Ba B = Parameter(0, name='Ba B')
    .Ba occ = Parameter(1, name='Ba occ')
    .Ba x = Parameter(0.5, name='Ba x')
    .Ba y = Parameter(0.5, name='Ba y')
    .Ba z = Parameter(0, name='Ba z')
  .Ho
    .Ho B = Parameter(0, name='Ho B')
    .Ho C0 = Parameter(0.131521, name='Ho C0', bounds=(-20,20))
    .Ho C1 = Parameter(8.96069, name='Ho C1', bounds=(-20,20))
    .Ho occ = Parameter(1, name='Ho occ')
    .Ho x = Parameter(0.5, name='Ho x')
    .Ho y = Parameter(0, name='Ho y')
    .Ho z = Parameter(0.20264, name='Ho z')
  .Ni
    .Ni B = Parameter(0, name='Ni B')
    .Ni C0 = Parameter(0.586205, name='Ni C0', bounds=(-20,20))
    .Ni C1 = Parameter(-1.27079, name='Ni C1', bounds=(-20,20))
    .Ni occ = Parameter(1, name='Ni occ')
    .Ni x = Parameter(0, name='Ni x')
    .Ni y = Parameter(0, name='Ni y')
    .Ni z = Parameter(0, name='Ni z')
  .O1
    .O1 B = Parameter(0, name='O1 B')
    .O1 occ = Parameter(1, name='O1 occ')
    .O1 x = Parameter(0, name='O1 x')
    .O1 y = Parameter(0.24367, name='O1 y')
    .O1 z = Parameter(0.14959, name='O1 z')
  .O2
    .O2 B = Parameter(0, name='O2 B')
    .O2 occ = Parameter(1, name='O2 occ')
    .O2 x = Parameter(0.5, name='O2 x')
    .O2 y = Parameter(0, name='O2 y')
    .O2 z = Parameter(0, name='O2 z')
.base = Parameter(6511.43, name='base', bounds=(6510,6514))
.cell
  .a = Parameter(3.75242, name='a', bounds=(3.2,4.3))
  .b = Parameter(5.72937, name='b', bounds=(5.2,6.3))
  .c = Parameter(11.2594, name='c', bounds=(10.7,11.8))
.eta = Parameter(0, name='eta')
.scale = Parameter(59.2008, name='scale', bounds=(59,60))
.u = Parameter(0.000407307, name='u', bounds=(0,10))
.v = Parameter(-0.0018673, name='v', bounds=(-10,0))
.w = Parameter(0.998211, name='w', bounds=(0,10))

[chisq=56809.785(35), nllf=2.20422e+07]
                                   Ho C0 .....|....   0.131521 in (-20,20)
                                   Ho C1 .......|..    8.96069 in (-20,20)
                                   Ni C0 .....|....   0.586205 in (-20,20)
                                   Ni C1 ....|.....   -1.27079 in (-20,20)
                                    base ...|......    6511.43 in (6510,6514)
                                       a .....|....    3.75242 in (3.2,4.3)
                                       b ....|.....    5.72937 in (5.2,6.3)
                                       c .....|....    11.2594 in (10.7,11.8)
                                   scale ..|.......    59.2008 in (59,60)
                                       u |......... 0.000407307 in (0,10)
                                       v .........| -0.0018673 in (-10,0)
                                       w |.........   0.998211 in (0,10)
              Parameter       mean  median    best [   68% interval] [   95% interval]
 1                Ho C0 0.1271(11) 0.126996 0.131521 [0.12692 0.12706] [0.12662 0.12721]
 2                Ho C1 8.9930(20) 8.99300 8.96069 [ 8.9929  8.9931] [ 8.9919  8.9938]
 3                Ni C0 0.5844(40) 0.58401 0.58620 [ 0.5840  0.5841] [ 0.5837  0.5852]
 4                Ni C1 -1.28497(82) -1.284994 -1.270789 [-1.28505 -1.28489] [-1.28541 -1.28454]
 5                 base 6511.997(69) 6512.000 6511.429 [6511.99 6512.02] [6511.87 6512.09]
 6                    a 3.75415(11) 3.7541587 3.7524185 [3.754141 3.754164] [3.754083 3.754183]
 7                    b 5.72993(18) 5.729958 5.729368 [5.72993 5.72997] [5.72977 5.73001]
 8                    c 11.26933(53) 11.269380 11.259411 [11.26933 11.26940] [11.26907 11.26947]
 9                scale 59.1423(92) 59.14300 59.20080 [59.1428 59.1431] [59.1400 59.1439]
10                    u 0.06(55)e-3 0.000005 0.000407 [0.00000 0.00002] [0.00000 0.00012]
11                    v -0.1(11)e-3 -0.0000053 -0.0018673 [-0.000025 -0.000000] [-0.000094 0.000000]
12                    w 1.00003(39) 1.000001 0.998211 [0.99998 1.00003] [0.99985 1.00018]
