.atoms
  .Cu1
    .Cu1 B = Parameter(0, name='Cu1 B')
    .Cu1 occ = Parameter(1, name='Cu1 occ')
    .Cu1 x = Parameter(0.99015, name='Cu1 x')
    .Cu1 y = Parameter(0.64974, name='Cu1 y')
    .Cu1 z = Parameter(0.11781, name='Cu1 z')
  .Cu2
    .Cu2 B = Parameter(0, name='Cu2 B')
    .Cu2 occ = Parameter(1, name='Cu2 occ')
    .Cu2 x = Parameter(0.26038, name='Cu2 x')
    .Cu2 y = Parameter(0.67593, name='Cu2 y')
    .Cu2 z = Parameter(0.22151, name='Cu2 z')
  .Ho1
    .Ho1 B = Parameter(0, name='Ho1 B')
    .Ho1 occ = Parameter(1, name='Ho1 occ')
    .Ho1 x = Parameter(0.20673, name='Ho1 x')
    .Ho1 y = Parameter(0.23401, name='Ho1 y')
    .Ho1 z = Parameter(0, name='Ho1 z')
  .Ho2
    .Ho2 B = Parameter(0, name='Ho2 B')
    .Ho2 occ = Parameter(1, name='Ho2 occ')
    .Ho2 x = Parameter(0.04093, name='Ho2 x')
    .Ho2 y = Parameter(0.23433, name='Ho2 y')
    .Ho2 z = Parameter(0.32767, name='Ho2 z')
  .O1
    .O1 B = Parameter(0, name='O1 B')
    .O1 occ = Parameter(1, name='O1 occ')
    .O1 x = Parameter(0.17554, name='O1 x')
    .O1 y = Parameter(0.72142, name='O1 y')
    .O1 z = Parameter(0.35528, name='O1 z')
  .O2
    .O2 B = Parameter(0, name='O2 B')
    .O2 occ = Parameter(1, name='O2 occ')
    .O2 x = Parameter(0.32558, name='O2 x')
    .O2 y = Parameter(0.73801, name='O2 y')
    .O2 z = Parameter(0.06154, name='O2 z')
  .O3
    .O3 B = Parameter(0, name='O3 B')
    .O3 occ = Parameter(1, name='O3 occ')
    .O3 x = Parameter(0.12379, name='O3 x')
    .O3 y = Parameter(0.31477, name='O3 y')
    .O3 z = Parameter(0.17225, name='O3 z')
  .O4
    .O4 B = Parameter(0, name='O4 B')
    .O4 occ = Parameter(1, name='O4 occ')
    .O4 x = Parameter(0.43043, name='O4 x')
    .O4 y = Parameter(0.76706, name='O4 y')
    .O4 z = Parameter(0.25901, name='O4 z')
  .O5
    .O5 B = Parameter(0, name='O5 B')
    .O5 occ = Parameter(1, name='O5 occ')
    .O5 x = Parameter(0.4237, name='O5 x')
    .O5 y = Parameter(0.23819, name='O5 y')
    .O5 z = Parameter(0.47305, name='O5 z')
.base = Parameter(3901.77, name='base', bounds=(3000,4100))
.cell
  .a = Parameter(10.7883, name='a', bounds=(10.2,11.3))
  .b = Parameter(3.48877, name='b', bounds=(2.9,4))
  .c = Parameter(12.4149, name='c', bounds=(11.9,13))
.eta = Parameter(0.12773, name='eta', bounds=(0,1))
.scale = Parameter(7.51134, name='scale', bounds=(0,60))
.u = Parameter(1.2842, name='u', bounds=(0,10))
.v = Parameter(-0.772692, name='v', bounds=(-10,0))
.w = Parameter(0.315189, name='w', bounds=(0,10))
.zero = Parameter(0.0197495, name='zero', bounds=(-0.24,0.27))

[chisq=374.710(30), nllf=146137]
                                    base ........|.    3901.77 in (3000,4100)
                                       a .....|....    10.7883 in (10.2,11.3)
                                       b .....|....    3.48877 in (2.9,4)
                                       c ....|.....    12.4149 in (11.9,13)
                                     eta .|........    0.12773 in (0,1)
                                   scale .|........    7.51134 in (0,60)
                                       u .|........     1.2842 in (0,10)
                                       v .........|  -0.772692 in (-10,0)
                                       w |.........   0.315189 in (0,10)
                                    zero .....|....  0.0197495 in (-0.24,0.27)
              Parameter       mean  median    best [   68% interval] [   95% interval]
 1                 base 3902.4(31) 3902.34 3901.77 [ 3899.3  3905.6] [ 3896.1  3908.4]
 2                    a 10.78820(18) 10.788190 10.788279 [10.78801 10.78838] [10.78785 10.78854]
 3                    b 3.488769(70) 3.488768 3.488769 [3.48869 3.48884] [3.48864 3.48891]
 4                    c 12.41497(22) 12.414996 12.414927 [12.41473 12.41519] [12.41452 12.41537]
 5                  eta 0.1284(30)  0.1282  0.1277 [  0.126   0.131] [  0.123   0.134]
 6                scale 7.5110(82)  7.5113  7.5113 [  7.502   7.519] [  7.494   7.530]
 7                    u  1.280(10)  1.2808  1.2842 [  1.271   1.291] [  1.260   1.301]
 8                    v -0.768(10) -0.7682 -0.7727 [ -0.778  -0.759] [ -0.790  -0.748]
 9                    w 0.3142(21) 0.31433 0.31519 [ 0.3119  0.3162] [ 0.3098  0.3188]
10                 zero 0.01978(59) 0.01982 0.01975 [ 0.0192  0.0205] [ 0.0187  0.0207]
