.atoms
  .Al1
    .Al1 B = Parameter(5.88774, name='Al1 B', bounds=(0,10))
    .Al1 occ = Parameter(1, name='Al1 occ')
    .Al1 x = Parameter(0, name='Al1 x')
    .Al1 y = Parameter(0, name='Al1 y')
    .Al1 z = Parameter(0.450639, name='Al1 z', bounds=(0.25,0.46))
  .O1
    .O1 B = Parameter(0.256615, name='O1 B', bounds=(0,10))
    .O1 occ = Parameter(1, name='O1 occ')
    .O1 x = Parameter(0.65389, name='O1 x', bounds=(0.59,0.8))
    .O1 y = Parameter(0, name='O1 y')
    .O1 z = Parameter(0.25, name='O1 z')
.cell
  .a = Parameter(4.76113, name='a', bounds=(4.2,5.3))
  .c = Parameter(13.0012, name='c', bounds=(12.5,13.6))
.scale = Parameter(1.39155, name='scale', bounds=(0,10))
.u = Parameter(0.153253, name='u', bounds=(0,2))
.v = Parameter(-0.092694, name='v', bounds=(-2,0))
.w = Parameter(0.0705586, name='w', bounds=(0,2))

[chisq=16.8275, nllf=55295.1]
                                   Al1 B .....|....    5.88774 in (0,10)
                                   Al1 z .........|   0.450639 in (0.25,0.46)
                                    O1 B |.........   0.256615 in (0,10)
                                    O1 x ...|......    0.65389 in (0.59,0.8)
                                       a .....|....    4.76113 in (4.2,5.3)
                                       c ....|.....    13.0012 in (12.5,13.6)
                                   scale .|........    1.39155 in (0,10)
                                       u |.........   0.153253 in (0,2)
                                       v .........|  -0.092694 in (-2,0)
                                       w |.........  0.0705586 in (0,2)
              Parameter       mean  median    best [   68% interval] [   95% interval]
 1                Al1 B    2.5(29)   0.993   5.888 [   0.09    6.27] [   0.01    9.50]
 2                Al1 z  0.352(62)   0.349   0.451 [   0.28    0.43] [   0.25    0.45]
 3                 O1 B    1.8(26)   0.448   0.257 [   0.04    4.60] [   0.00    9.10]
 4                 O1 x  0.697(60)   0.697   0.654 [   0.63    0.77] [   0.60    0.79]
 5                    a 4.7612(10) 4.76112 4.76113 [ 4.7610  4.7612] [ 4.7592  4.7635]
 6                    c 13.0013(50) 13.0012 13.0012 [ 13.001  13.002] [ 12.992  13.012]
 7                scale   1.34(16)   1.392   1.392 [   1.34    1.40] [   0.75    1.45]
 8                    u  0.137(39)   0.152   0.153 [   0.12    0.15] [   0.01    0.17]
 9                    v -79(31)e-3  -0.091  -0.093 [  -0.09   -0.04] [  -0.12   -0.00]
10                    w  74(44)e-3  0.0701  0.0706 [  0.065   0.074] [  0.042   0.129]
