.atoms
  .Al1
    .Al1 B = Parameter(7.53743, name='Al1 B', bounds=(0,10))
    .Al1 occ = Parameter(1, name='Al1 occ')
    .Al1 x = Parameter(0, name='Al1 x')
    .Al1 y = Parameter(0, name='Al1 y')
    .Al1 z = Parameter(0.276834, name='Al1 z', bounds=(0.25,0.46))
  .O1
    .O1 B = Parameter(8.22741, name='O1 B', bounds=(0,10))
    .O1 occ = Parameter(1, name='O1 occ')
    .O1 x = Parameter(0.622582, name='O1 x', bounds=(0.59,0.8))
    .O1 y = Parameter(0, name='O1 y')
    .O1 z = Parameter(0.25, name='O1 z')
.cell
  .a = Parameter(4.76112, name='a', bounds=(4.2,5.3))
  .c = Parameter(13.0012, name='c', bounds=(12.5,13.6))
.scale = Parameter(1.39277, name='scale', bounds=(0,10))
.u = Parameter(0.152202, name='u', bounds=(0,2))
.v = Parameter(-0.0909931, name='v', bounds=(-2,0))
.w = Parameter(0.0700544, name='w', bounds=(0,2))

[chisq=16.8274, nllf=55294.7]
                                   Al1 B .......|..    7.53743 in (0,10)
                                   Al1 z .|........   0.276834 in (0.25,0.46)
                                    O1 B ........|.    8.22741 in (0,10)
                                    O1 x .|........   0.622582 in (0.59,0.8)
                                       a .....|....    4.76112 in (4.2,5.3)
                                       c ....|.....    13.0012 in (12.5,13.6)
                                   scale .|........    1.39277 in (0,10)
                                       u |.........   0.152202 in (0,2)
                                       v .........| -0.0909931 in (-2,0)
                                       w |.........  0.0700544 in (0,2)
              Parameter       mean  median    best [   68% interval] [   95% interval]
 1                Al1 B    4.4(30)   4.203   7.537 [   0.86    8.13] [   0.12    9.71]
 2                Al1 z  0.352(59)   0.350   0.277 [   0.28    0.42] [   0.26    0.45]
 3                 O1 B    4.2(30)   3.923   8.227 [   0.72    7.97] [   0.10    9.68]
 4                 O1 x  0.697(60)   0.697   0.623 [   0.63    0.77] [   0.60    0.79]
 5                    a 4.761120(75) 4.761121 4.761117 [4.76111 4.76113] [4.76099 4.76123]
 6                    c 13.00120(35) 13.00119 13.00122 [13.0011 13.0013] [13.0007 13.0018]
 7                scale 1.3920(92)  1.3928  1.3928 [  1.391   1.394] [  1.374   1.401]
 8                    u 0.1523(56)  0.1527  0.1522 [  0.152   0.154] [  0.139   0.159]
 9                    v -0.0908(98) -0.0915 -0.0910 [ -0.093  -0.090] [ -0.102  -0.065]
10                    w 0.0699(37)  0.0702  0.0701 [  0.069   0.071] [  0.061   0.074]
