.atoms
  .Al1
    .Al1 B = Parameter(1.32657e-05, name='Al1 B', bounds=(0,10))
    .Al1 occ = Parameter(1, name='Al1 occ')
    .Al1 x = Parameter(0, name='Al1 x')
    .Al1 y = Parameter(0, name='Al1 y')
    .Al1 z = Parameter(0.352303, name='Al1 z', bounds=(0.25,0.46))
  .O1
    .O1 B = Parameter(1.91743e-05, name='O1 B', bounds=(0,10))
    .O1 occ = Parameter(1, name='O1 occ')
    .O1 x = Parameter(0.693213, name='O1 x', bounds=(0.59,0.8))
    .O1 y = Parameter(0, name='O1 y')
    .O1 z = Parameter(0.25, name='O1 z')
.cell
  .a = Parameter(4.76114, name='a', bounds=(4.2,5.3))
  .c = Parameter(13.0013, name='c', bounds=(12.5,13.6))
.eta = Parameter(0.0424782, name='eta', bounds=(0,1))
.scale = Parameter(1.40244, name='scale', bounds=(0,10))
.u = Parameter(0.149915, name='u', bounds=(0,2))
.v = Parameter(-0.0894326, name='v', bounds=(-2,0))
.w = Parameter(0.0687204, name='w', bounds=(0,2))

[chisq=15.5217, nllf=50988.9]
                                   Al1 B |......... 1.32657e-05 in (0,10)
                                   Al1 z ....|.....   0.352303 in (0.25,0.46)
                                    O1 B |......... 1.91743e-05 in (0,10)
                                    O1 x ....|.....   0.693213 in (0.59,0.8)
                                       a .....|....    4.76114 in (4.2,5.3)
                                       c ....|.....    13.0013 in (12.5,13.6)
                                     eta |.........  0.0424782 in (0,1)
                                   scale .|........    1.40244 in (0,10)
                                       u |.........   0.149915 in (0,2)
                                       v .........| -0.0894326 in (-2,0)
                                       w |.........  0.0687204 in (0,2)
              Parameter       mean  median    best [   68% interval] [   95% interval]
 1                Al1 B  11(46)e-3   0.000   0.000 [   0.00    0.00] [   0.00    0.14]
 2                Al1 z 0.35228(73) 0.35230 0.35230 [ 0.3523  0.3523] [ 0.3515  0.3530]
 3                 O1 B  0.004(18)  0.0000  0.0000 [  0.000   0.001] [  0.000   0.055]
 4                 O1 x 0.6931(11) 0.69318 0.69321 [ 0.6931  0.6932] [ 0.6921  0.6940]
 5                    a 4.76114(21) 4.761141 4.761142 [4.76112 4.76116] [4.76089 4.76142]
 6                    c 13.0012(11) 13.00124 13.00126 [13.0012 13.0013] [12.9999 13.0026]
 7                  eta  45(23)e-3  0.0418  0.0425 [  0.040   0.044] [  0.026   0.103]
 8                scale  1.400(31)  1.4026  1.4024 [  1.401   1.404] [  1.355   1.427]
 9                    u  0.148(12)  0.1503  0.1499 [  0.149   0.151] [  0.111   0.157]
10                    v -88(16)e-3 -0.0904 -0.0894 [ -0.092  -0.088] [ -0.103  -0.028]
11                    w 0.0683(61)  0.0691  0.0687 [  0.068   0.070] [  0.049   0.076]
