.atoms
  .O1
    .O1 B = Parameter(0.5, name='O1 B')
    .O1 occ = Parameter(1, name='O1 occ')
    .O1 x = Parameter(0.907051, name='O1 x', bounds=(0.8,1.01))
    .O1 y = Parameter(0.25, name='O1 y')
    .O1 z = Parameter(0.595898, name='O1 z', bounds=(0.49,0.7))
  .O2
    .O2 B = Parameter(0.5, name='O2 B')
    .O2 occ = Parameter(1, name='O2 occ')
    .O2 x = Parameter(0.193235, name='O2 x', bounds=(0.09,0.3))
    .O2 y = Parameter(0.25, name='O2 y')
    .O2 z = Parameter(0.541964, name='O2 z', bounds=(0.44,0.65))
  .O3
    .O3 B = Parameter(0.5, name='O3 B')
    .O3 occ = Parameter(1, name='O3 occ')
    .O3 x = Parameter(0.0808856, name='O3 x', bounds=(-0.02,0.19))
    .O3 y = Parameter(0.02709, name='O3 y')
    .O3 z = Parameter(0.80933, name='O3 z', bounds=(0.7,0.91))
  .Pb
    .Pb B = Parameter(0.888205, name='Pb B', bounds=(0,10))
    .Pb occ = Parameter(1, name='Pb occ')
    .Pb x = Parameter(0.187418, name='Pb x', bounds=(0.08,0.29))
    .Pb y = Parameter(0.25, name='Pb y')
    .Pb z = Parameter(0.167182, name='Pb z', bounds=(0.06,0.27))
  .S
    .S B = Parameter(0.5, name='S B')
    .S occ = Parameter(1, name='S occ')
    .S x = Parameter(0.0642138, name='S x', bounds=(-0.04,0.17))
    .S y = Parameter(0.25, name='S y')
    .S z = Parameter(0.678201, name='S z', bounds=(0.58,0.79))
.base = Parameter(211.007, name='base', bounds=(-400,700))
.cell
  .a = Parameter(8.47811, name='a', bounds=(3,14))
  .b = Parameter(5.39705, name='b', bounds=(0,11))
  .c = Parameter(6.95851, name='c', bounds=(1,12))
.eta = Parameter(0.470633, name='eta', bounds=(0,1))
.scale = Parameter(1.30222, name='scale', bounds=(0,100))
.u = Parameter(0.1686, name='u', bounds=(0,1))
.v = Parameter(-0.371624, name='v', bounds=(-1,0))
.w = Parameter(0.37048, name='w', bounds=(0,1))
.zero = Parameter(-0.136102, name='zero', bounds=(-0.6,0.5))

[chisq=2.0528(81), nllf=5930.51]
                                    O1 x .....|....   0.907051 in (0.8,1.01)
                                    O1 z .....|....   0.595898 in (0.49,0.7)
                                    O2 x ....|.....   0.193235 in (0.09,0.3)
                                    O2 z ....|.....   0.541964 in (0.44,0.65)
                                    O3 x ....|.....  0.0808856 in (-0.02,0.19)
                                    O3 z .....|....    0.80933 in (0.7,0.91)
                                    Pb B |.........   0.888205 in (0,10)
                                    Pb x .....|....   0.187418 in (0.08,0.29)
                                    Pb z .....|....   0.167182 in (0.06,0.27)
                                     S x ....|.....  0.0642138 in (-0.04,0.17)
                                     S z ....|.....   0.678201 in (0.58,0.79)
                                    base .....|....    211.007 in (-400,700)
                                       a ....|.....    8.47811 in (3,14)
                                       b ....|.....    5.39705 in (0,11)
                                       c .....|....    6.95851 in (1,12)
                                     eta ....|.....   0.470633 in (0,1)
                                   scale |.........    1.30222 in (0,100)
                                       u .|........     0.1686 in (0,1)
                                       v ......|...  -0.371624 in (-1,0)
                                       w ...|......    0.37048 in (0,1)
                                    zero ....|.....  -0.136102 in (-0.6,0.5)
/home/jel/.local/lib/python2.7/site-packages/matplotlib/axes/_axes.py:2651: MatplotlibDeprecationWarning: Use of None object as fmt keyword argument to suppress plotting of data values is deprecated since 1.4; use the string "none" instead.
  warnings.warn(msg, mplDeprecation, stacklevel=1)
              Parameter       mean  median    best [   68% interval] [   95% interval]
 1                 O1 x 0.90706(97) 0.90719 0.90705 [ 0.9068  0.9075] [ 0.9044  0.9086]
 2                 O1 z 0.5958(11) 0.59581 0.59590 [ 0.5955  0.5962] [ 0.5935  0.5983]
 3                 O2 x 0.19337(92) 0.19326 0.19323 [ 0.1930  0.1936] [ 0.1918  0.1959]
 4                 O2 z 0.5421(11) 0.54216 0.54196 [ 0.5418  0.5425] [ 0.5395  0.5445]
 5                 O3 x 0.08092(58) 0.08093 0.08089 [ 0.0807  0.0811] [ 0.0796  0.0822]
 6                 O3 z 0.80946(72) 0.80941 0.80933 [ 0.8092  0.8097] [ 0.8081  0.8113]
 7                 Pb B   0.90(11)   0.891   0.888 [   0.86    0.93] [   0.73    1.21]
 8                 Pb x 0.18738(51) 0.18739 0.18742 [ 0.1872  0.1876] [ 0.1862  0.1885]
 9                 Pb z 0.16704(78) 0.16705 0.16718 [ 0.1668  0.1673] [ 0.1653  0.1688]
10                  S x 0.0644(17) 0.06427 0.06421 [ 0.0638  0.0648] [ 0.0613  0.0689]
11                  S z 0.6784(22)  0.6785  0.6782 [  0.678   0.679] [  0.673   0.683]
12                 base  212.5(35)  211.28  211.01 [  210.8   213.3] [  210.0   223.7]
13                    a 8.47818(48) 8.47818 8.47811 [ 8.4780  8.4783] [ 8.4771  8.4792]
14                    b 5.39706(32) 5.39704 5.39705 [ 5.3969  5.3972] [ 5.3964  5.3978]
15                    c 6.95847(41) 6.95848 6.95851 [ 6.9583  6.9586] [ 6.9575  6.9593]
16                  eta   0.42(13)   0.469   0.471 [   0.41    0.48] [   0.01    0.50]
17                scale  1.286(45)   1.302   1.302 [   1.28    1.31] [   1.14    1.32]
18                    u  0.166(20)  0.1677  0.1686 [  0.163   0.172] [  0.108   0.202]
19                    v -0.367(48)  -0.370  -0.372 [  -0.38   -0.36] [  -0.46   -0.23]
20                    w  0.374(23)   0.370   0.370 [   0.36    0.38] [   0.34    0.44]
21                 zero -0.1362(48) -0.1362 -0.1361 [ -0.138  -0.135] [ -0.147  -0.126]
