.atoms
  .Ba
    .Ba B = Parameter(5.64641, name='Ba B', bounds=(0,10))
    .Ba occ = Parameter(1.01132, name='Ba occ')
    .Ba x = Parameter(0.5, name='Ba x')
    .Ba y = Parameter(0.5, name='Ba y')
    .Ba z = Parameter(-0.876131, name='Ba z', bounds=(-0.9,1.2))
  .CaB
    .CaB B = Parameter(0.136518, name='CaB B', bounds=(0,10))
    .CaB occ = Parameter(-0.01132, name='CaB occ')
    .CaB x = Parameter(0.5, name='CaB x')
    .CaB y = Parameter(0.5, name='CaB y')
    .CaB z = Parameter(0.250368, name='CaB z', bounds=(-0.9,1.2))
  .CaY
    .CaY B = Parameter(1.91069, name='CaY B', bounds=(0,10))
    .CaY occ = Parameter(0.11264, name='CaY occ')
    .CaY x = Parameter(0.5, name='CaY x')
    .CaY y = Parameter(0.5, name='CaY y')
    .CaY z = Parameter(0.5, name='CaY z')
  .Cu1
    .Cu1 B = Parameter(1.99315, name='Cu1 B', bounds=(0,10))
    .Cu1 occ = Parameter(0.99056, name='Cu1 occ')
    .Cu1 x = Parameter(0, name='Cu1 x')
    .Cu1 y = Parameter(0, name='Cu1 y')
    .Cu1 z = Parameter(0, name='Cu1 z')
  .Cu2
    .Cu2 B = Parameter(1.35627, name='Cu2 B', bounds=(0,10))
    .Cu2 occ = Parameter(1, name='Cu2 occ')
    .Cu2 x = Parameter(0, name='Cu2 x')
    .Cu2 y = Parameter(0, name='Cu2 y')
    .Cu2 z = Parameter(0.999353, name='Cu2 z', bounds=(-0.7,1.4))
  .O1
    .O1 B = Parameter(0.587989, name='O1 B', bounds=(0,10))
    .O1 occ = Parameter(1, name='O1 occ')
    .O1 x = Parameter(0, name='O1 x')
    .O1 y = Parameter(0, name='O1 y')
    .O1 z = Parameter(-0.485927, name='O1 z', bounds=(-0.9,1.2))
  .O2
    .O2 B = Parameter(0.752989, name='O2 B', bounds=(0,10))
    .O2 occ = Parameter(1, name='O2 occ')
    .O2 x = Parameter(0.5, name='O2 x')
    .O2 y = Parameter(0, name='O2 y')
    .O2 z = Parameter(-0.178389, name='O2 z', bounds=(-0.7,1.4))
  .O3
    .O3 B = Parameter(0.462995, name='O3 B', bounds=(0,10))
    .O3 occ = Parameter(1, name='O3 occ')
    .O3 x = Parameter(0, name='O3 x')
    .O3 y = Parameter(0.5, name='O3 y')
    .O3 z = Parameter(-0.220506, name='O3 z', bounds=(-0.7,1.4))
  .O4
    .O4 B = Parameter(0.919649, name='O4 B', bounds=(0,10))
    .O4 occ = Parameter(0.94008, name='O4 occ')
    .O4 x = Parameter(0, name='O4 x')
    .O4 y = Parameter(0.5, name='O4 y')
    .O4 z = Parameter(0, name='O4 z')
  .O5
    .O5 B = Parameter(0.343132, name='O5 B', bounds=(0,10))
    .O5 occ = Parameter(0.04528, name='O5 occ')
    .O5 x = Parameter(0.5, name='O5 x')
    .O5 y = Parameter(0, name='O5 y')
    .O5 z = Parameter(0, name='O5 z')
  .Y
    .Y B = Parameter(0.812317, name='Y B', bounds=(0,10))
    .Y occ = Parameter(0.88736, name='Y occ')
    .Y x = Parameter(0.5, name='Y x')
    .Y y = Parameter(0.5, name='Y y')
    .Y z = Parameter(0.5, name='Y z')
.base = Parameter(31.673, name='base', bounds=(-250,250))
.cell
  .a = Parameter(4.39707, name='a', bounds=(3.3,4.4))
  .b = Parameter(4.34702, name='b', bounds=(3.3,4.4))
  .c = Parameter(11.8606, name='c', bounds=(11.1,12.2))
.eta = Parameter(0.981569, name='eta', bounds=(0,1))
.scale = Parameter(0.754986, name='scale', bounds=(0,10))
.u = Parameter(1.44094, name='u', bounds=(0,2))
.v = Parameter(-0.0295711, name='v', bounds=(-2,0))
.w = Parameter(1.98774, name='w', bounds=(0,2))
.zero = Parameter(0.260961, name='zero', bounds=(0.09,0.3))

[chisq=77.9112, nllf=240200]
                                    Ba B .....|....    5.64641 in (0,10)
                                    Ba z |.........  -0.876131 in (-0.9,1.2)
                                   CaB B |.........   0.136518 in (0,10)
                                   CaB z .....|....   0.250368 in (-0.9,1.2)
                                   CaY B .|........    1.91069 in (0,10)
                                   Cu1 B .|........    1.99315 in (0,10)
                                   Cu2 B .|........    1.35627 in (0,10)
                                   Cu2 z ........|.   0.999353 in (-0.7,1.4)
                                    O1 B |.........   0.587989 in (0,10)
                                    O1 z .|........  -0.485927 in (-0.9,1.2)
                                    O2 B |.........   0.752989 in (0,10)
                                    O2 z ..|.......  -0.178389 in (-0.7,1.4)
                                    O3 B |.........   0.462995 in (0,10)
                                    O3 z ..|.......  -0.220506 in (-0.7,1.4)
                                    O4 B |.........   0.919649 in (0,10)
                                    O5 B |.........   0.343132 in (0,10)
                                     Y B |.........   0.812317 in (0,10)
                                    base .....|....     31.673 in (-250,250)
                                       a .........|    4.39707 in (3.3,4.4)
                                       b .........|    4.34702 in (3.3,4.4)
                                       c ......|...    11.8606 in (11.1,12.2)
                                     eta .........|   0.981569 in (0,1)
                                   scale |.........   0.754986 in (0,10)
                                       u .......|..    1.44094 in (0,2)
                                       v .........| -0.0295711 in (-2,0)
                                       w .........|    1.98774 in (0,2)
                                    zero ........|.   0.260961 in (0.09,0.3)
              Parameter       mean  median    best [   68% interval] [   95% interval]
 1                 Ba B    4.1(31)   3.117   5.646 [   0.77    8.24] [   0.07    9.75]
 2                 Ba z   0.23(62)   0.166  -0.876 [  -0.51    0.99] [  -0.86    1.15]
 3                CaB B    4.2(30)   3.587   0.137 [   0.93    7.96] [   0.13    9.61]
 4                CaB z   0.22(59)   0.227   0.250 [  -0.48    0.90] [  -0.84    1.16]
 5                CaY B    3.9(29)   3.134   1.911 [   0.89    7.74] [   0.13    9.66]
 6                Cu1 B    3.5(32)   2.268   1.993 [   0.44    7.82] [   0.07    9.81]
 7                Cu2 B    3.1(32)   1.484   1.356 [   0.31    7.58] [   0.04    9.82]
 8                Cu2 z   0.44(62)   0.491   0.999 [  -0.37    1.15] [  -0.65    1.37]
 9                 O1 B    4.0(32)   3.287   0.588 [   0.56    8.39] [   0.08    9.77]
10                 O1 z   0.25(57)   0.335  -0.486 [  -0.47    0.93] [  -0.79    1.13]
11                 O2 B    3.9(32)   2.984   0.753 [   0.60    8.34] [   0.08    9.77]
12                 O2 z   0.49(62)   0.593  -0.178 [  -0.26    1.22] [  -0.64    1.36]
13                 O3 B    3.6(32)   2.529   0.463 [   0.49    8.10] [   0.06    9.79]
14                 O3 z   0.38(61)   0.361  -0.221 [  -0.31    1.18] [  -0.67    1.33]
15                 O4 B    4.2(31)   3.661   0.920 [   0.75    8.18] [   0.11    9.80]
16                 O5 B    4.1(29)   3.566   0.343 [   0.82    7.87] [   0.14    9.63]
17                  Y B    3.1(29)   1.884   0.812 [   0.43    7.17] [   0.05    9.53]
18                 base   40.4(83)   40.48   31.67 [   32.3    49.3] [   24.0    55.0]
19                    a   4.26(21)   4.324   4.397 [   4.24    4.39] [   3.54    4.40]
20                    b   4.25(24)   4.327   4.347 [   4.25    4.39] [   3.43    4.40]
21                    c  11.88(20)  11.890  11.861 [  11.72   12.08] [  11.40   12.18]
22                  eta   0.26(24)   0.172   0.982 [   0.04    0.50] [   0.01    0.92]
23                scale   0.51(23)   0.509   0.755 [   0.29    0.73] [   0.00    0.99]
24                    u   0.57(49)   0.435   1.441 [   0.10    1.05] [   0.02    1.84]
25                    v  -0.45(44)  -0.302  -0.030 [  -0.84   -0.07] [  -1.65   -0.01]
26                    w   1.54(40)   1.665   1.988 [   1.10    1.93] [   0.58    1.99]
27                 zero  0.197(61)   0.196   0.261 [   0.13    0.27] [   0.09    0.30]
