.atoms
  .Ba
    .Ba B = Parameter(0, name='Ba B')
    .Ba occ = Parameter(1, name='Ba occ')
    .Ba x = Parameter(0.5, name='Ba x')
    .Ba y = Parameter(0.5, name='Ba y')
    .Ba z = Parameter(0, name='Ba z')
  .Ho
    .Ho B = Parameter(0, name='Ho B')
    .Ho C0 = Parameter(1.03625, name='Ho C0', bounds=(-20,20))
    .Ho C1 = Parameter(15.6752, name='Ho C1', bounds=(-20,20))
    .Ho occ = Parameter(1, name='Ho occ')
    .Ho x = Parameter(0.5, name='Ho x')
    .Ho y = Parameter(0, name='Ho y')
    .Ho z = Parameter(0.20264, name='Ho z')
  .Ni
    .Ni B = Parameter(0, name='Ni B')
    .Ni C0 = Parameter(-0.143261, name='Ni C0', bounds=(-20,20))
    .Ni C1 = Parameter(-3.59012, name='Ni C1', bounds=(-20,20))
    .Ni occ = Parameter(1, name='Ni occ')
    .Ni x = Parameter(0, name='Ni x')
    .Ni y = Parameter(0, name='Ni y')
    .Ni z = Parameter(0, name='Ni z')
  .O1
    .O1 B = Parameter(0, name='O1 B')
    .O1 occ = Parameter(1, name='O1 occ')
    .O1 x = Parameter(0, name='O1 x')
    .O1 y = Parameter(0.24367, name='O1 y')
    .O1 z = Parameter(0.14959, name='O1 z')
  .O2
    .O2 B = Parameter(0, name='O2 B')
    .O2 occ = Parameter(1, name='O2 occ')
    .O2 x = Parameter(0.5, name='O2 x')
    .O2 y = Parameter(0, name='O2 y')
    .O2 z = Parameter(0, name='O2 z')
.base = Parameter(6513.99, name='base', bounds=(6510,6514))
.cell
  .a = Parameter(3.74555, name='a', bounds=(3.2,4.3))
  .b = Parameter(5.72209, name='b', bounds=(5.2,6.3))
  .c = Parameter(11.2528, name='c', bounds=(10.7,11.8))
.eta = Parameter(0, name='eta')
.scale = Parameter(9.23815, name='scale', bounds=(5,80))
.u = Parameter(1.6241, name='u', bounds=(0,10))
.v = Parameter(-0.963534, name='v', bounds=(-10,0))
.w = Parameter(0.337873, name='w', bounds=(0,10))

[chisq=807.4275(26), nllf=313282]
                                   Ho C0 .....|....    1.03625 in (-20,20)
                                   Ho C1 ........|.    15.6752 in (-20,20)
                                   Ni C0 ....|.....  -0.143261 in (-20,20)
                                   Ni C1 ....|.....   -3.59012 in (-20,20)
                                    base .........|    6513.99 in (6510,6514)
                                       a ....|.....    3.74555 in (3.2,4.3)
                                       b ....|.....    5.72209 in (5.2,6.3)
                                       c .....|....    11.2528 in (10.7,11.8)
                                   scale |.........    9.23815 in (5,80)
                                       u .|........     1.6241 in (0,10)
                                       v .........|  -0.963534 in (-10,0)
                                       w |.........   0.337873 in (0,10)
              Parameter       mean  median    best [   68% interval] [   95% interval]
 1                Ho C0   -0.4(39)   -1.01    1.04 [   -1.3     1.1] [  -11.4     9.8]
 2                Ho C1 -0.004(14)e3  -15.44   15.68 [  -15.7    15.7] [  -16.8    16.0]
 3                Ni C0    0.2(36)    0.12   -0.14 [   -0.5     0.7] [   -7.7     8.7]
 4                Ni C1    1.0(53)    3.57   -3.59 [   -3.6     3.7] [  -12.4    11.9]
 5                 base 6513.1(12) 6513.856 6513.992 [6511.60 6513.99] [6510.30 6514.00]
 6                    a  3.743(51)  3.7455  3.7455 [  3.744   3.746] [  3.727   3.758]
 7                    b  5.726(62)   5.722   5.722 [   5.72    5.72] [   5.69    5.87]
 8                    c 11.258(54)  11.253  11.253 [  11.25   11.26] [  11.20   11.36]
 9                scale    9.7(61)   9.238   9.238 [   8.41    9.28] [   6.10   12.00]
10                    u    2.3(16)   1.630   1.624 [   1.61    2.81] [   1.17    7.74]
11                    v   -1.5(14)  -0.967  -0.964 [  -1.75   -0.94] [  -6.69   -0.35]
12                    w   0.48(59)   0.338   0.338 [   0.33    0.47] [   0.18    1.59]
