.atoms
  .Ba
    .Ba B = Parameter(0, name='Ba B')
    .Ba occ = Parameter(1, name='Ba occ')
    .Ba x = Parameter(0.5, name='Ba x')
    .Ba y = Parameter(0.5, name='Ba y')
    .Ba z = Parameter(0, name='Ba z')
  .Ho
    .Ho B = Parameter(0, name='Ho B')
    .Ho C0 = Parameter(8.15673, name='Ho C0', bounds=(-10,10))
    .Ho C1 = Parameter(9.99992, name='Ho C1', bounds=(-10,10))
    .Ho occ = Parameter(1, name='Ho occ')
    .Ho x = Parameter(0.5, name='Ho x')
    .Ho y = Parameter(0, name='Ho y')
    .Ho z = Parameter(0.20264, name='Ho z')
  .Ni
    .Ni B = Parameter(0, name='Ni B')
    .Ni C0 = Parameter(9.99939, name='Ni C0', bounds=(-10,10))
    .Ni C1 = Parameter(-9.99995, name='Ni C1', bounds=(-10,10))
    .Ni occ = Parameter(1, name='Ni occ')
    .Ni x = Parameter(0, name='Ni x')
    .Ni y = Parameter(0, name='Ni y')
    .Ni z = Parameter(0, name='Ni z')
  .O1
    .O1 B = Parameter(0, name='O1 B')
    .O1 occ = Parameter(1, name='O1 occ')
    .O1 x = Parameter(0, name='O1 x')
    .O1 y = Parameter(0.24367, name='O1 y')
    .O1 z = Parameter(0.14959, name='O1 z')
  .O2
    .O2 B = Parameter(0, name='O2 B')
    .O2 occ = Parameter(1, name='O2 occ')
    .O2 x = Parameter(0.5, name='O2 x')
    .O2 y = Parameter(0, name='O2 y')
    .O2 z = Parameter(0, name='O2 z')
.base = Parameter(6514, name='base', bounds=(6510,6514))
.cell
  .a = Parameter(3.74638, name='a', bounds=(3.2,4.3))
  .b = Parameter(5.72324, name='b', bounds=(5.2,6.3))
  .c = Parameter(11.2597, name='c', bounds=(10.7,11.8))
.eta = Parameter(0, name='eta')
.scale = Parameter(59.9995, name='scale', bounds=(59,60))
.u = Parameter(1.86085, name='u', bounds=(0,10))
.v = Parameter(-1.18194, name='v', bounds=(-10,0))
.w = Parameter(0.36974, name='w', bounds=(0,10))

[chisq=715.802(35), nllf=277731]
                                   Ho C0 .........|    8.15673 in (-10,10)
                                   Ho C1 .........|    9.99992 in (-10,10)
                                   Ni C0 .........|    9.99939 in (-10,10)
                                   Ni C1 |.........   -9.99995 in (-10,10)
                                    base .........|       6514 in (6510,6514)
                                       a ....|.....    3.74638 in (3.2,4.3)
                                       b ....|.....    5.72324 in (5.2,6.3)
                                       c .....|....    11.2597 in (10.7,11.8)
                                   scale .........|    59.9995 in (59,60)
                                       u .|........    1.86085 in (0,10)
                                       v ........|.   -1.18194 in (-10,0)
                                       w |.........    0.36974 in (0,10)
              Parameter       mean  median    best [   68% interval] [   95% interval]
 1                Ho C0    8.1(16)   8.166   8.157 [   8.07    8.38] [   7.50    9.13]
 2                Ho C1   9.96(12)   9.997  10.000 [   9.94   10.00] [   9.58   10.00]
 3                Ni C0    9.8(12)   9.988   9.999 [   9.76   10.00] [   8.75   10.00]
 4                Ni C1  -9.89(79)  -9.995 -10.000 [ -10.00   -9.91] [ -10.00   -9.22]
 5                 base 6512.7(11) 6513.109 6514.000 [6511.31 6513.85] [6510.23 6513.98]
 6                    a 3.7464(10) 3.74644 3.74638 [ 3.7460  3.7468] [ 3.7440  3.7486]
 7                    b 5.7233(15) 5.72333 5.72324 [ 5.7227  5.7239] [ 5.7199  5.7267]
 8                    c 11.2597(40) 11.2596 11.2597 [ 11.258  11.261] [ 11.251  11.269]
 9                scale  59.84(23)  59.955  59.999 [  59.63   60.00] [  59.17   60.00]
10                    u   1.73(34)   1.862   1.861 [   1.45    1.94] [   0.75    2.12]
11                    v  -1.05(33)  -1.184  -1.182 [  -1.25   -0.77] [  -1.42   -0.09]
12                    w  0.346(63)   0.370   0.370 [   0.29    0.38] [   0.16    0.41]
